<?xml version="1.0" encoding="UTF-8"?>
<!-- Generated by org.testng.reporters.JUnitReportReporter -->
<testsuite skipped="0" hostname="MIT01524" name="com.consoleregression.testcases.CustomerPortalJourneyTest" tests="5" failures="0" timestamp="25 Jun 2019 01:29:15 GMT" time="335.782" errors="0">
  <testcase name="verifyDomainandMultipleProductOrderForReturningQuestCustomerUsingNewCardInCustomerPortal" time="68.601" classname="com.consoleregression.testcases.CustomerPortalJourneyTest"/>
  <testcase name="verifyDomainandMultipleProductOrderForReturningBTCustomerUsingExistingCardInCustomerPortal" time="70.563" classname="com.consoleregression.testcases.CustomerPortalJourneyTest"/>
  <testcase name="verifyDomainandMultipleProductOrderForReturningBTCustomerUsingNewCardInCustomerPortal" time="64.231" classname="com.consoleregression.testcases.CustomerPortalJourneyTest"/>
  <testcase name="verifyDomainRegistrationOrderForNewBTCustomerUsingNewCardInCustomerPortal" time="59.775" classname="com.consoleregression.testcases.CustomerPortalJourneyTest"/>
  <testcase name="verifyDomainandMultipleProductOrderForReturningQuestCustomerUsingExistingCardInCustomerPortal" time="72.612" classname="com.consoleregression.testcases.CustomerPortalJourneyTest"/>
</testsuite> <!-- com.consoleregression.testcases.CustomerPortalJourneyTest -->
