<?xml version="1.0" encoding="UTF-8"?>
<!-- Generated by org.testng.reporters.JUnitReportReporter -->
<testsuite skipped="2" hostname="MIT01524" name="com.paymentgateway.ui.nrg.testcases.NetregistrySalesDBJourneyTest" tests="3" failures="0" timestamp="06 Jun 2018 05:09:31 GMT" time="109.981" errors="0">
  <testcase name="verifySingleDomainOrderInSalesDB" time="109.981" classname="com.paymentgateway.ui.nrg.testcases.NetregistrySalesDBJourneyTest"/>
  <testcase name="verifySingleDomainOrderInSalesDB03" classname="com.paymentgateway.ui.nrg.testcases.NetregistrySalesDBJourneyTest">
    <skipped/>
  </testcase> <!-- verifySingleDomainOrderInSalesDB03 -->
  <testcase name="verifySingleDomainOrderInSalesDB02" classname="com.paymentgateway.ui.nrg.testcases.NetregistrySalesDBJourneyTest">
    <skipped/>
  </testcase> <!-- verifySingleDomainOrderInSalesDB02 -->
</testsuite> <!-- com.paymentgateway.ui.nrg.testcases.NetregistrySalesDBJourneyTest -->
