<?xml version="1.0" encoding="UTF-8"?>
<!-- Generated by org.testng.reporters.JUnitReportReporter -->
<testsuite skipped="0" hostname="MIT01524" name="com.paymentgateway.stage.netregistry.testcases.RegressionNewShoppingCartTest" tests="1" failures="0" timestamp="10 May 2019 03:41:58 GMT" time="144.014" errors="0">
  <testcase name="testDomainRegistrationOrderInNewShoppingCart" time="144.014" classname="com.paymentgateway.stage.netregistry.testcases.RegressionNewShoppingCartTest"/>
</testsuite> <!-- com.paymentgateway.stage.netregistry.testcases.RegressionNewShoppingCartTest -->
