<?xml version="1.0" encoding="UTF-8"?>
<!-- Generated by org.testng.reporters.JUnitReportReporter -->
<testsuite skipped="0" hostname="MIT01524" name="com.newcartregression.testcases.TestNewCustomerScenarioUsingNewCard" tests="1" failures="0" timestamp="21 Aug 2019 00:52:32 GMT" time="72.410" errors="0">
  <testcase name="testNewCustomerScenarioUsingNewCard" time="72.410" classname="com.newcartregression.testcases.TestNewCustomerScenarioUsingNewCard"/>
</testsuite> <!-- com.newcartregression.testcases.TestNewCustomerScenarioUsingNewCard -->
