<?xml version="1.0" encoding="UTF-8"?>
<!-- Generated by org.testng.reporters.JUnitReportReporter -->
<testsuite skipped="0" hostname="MIT01524" name="com.consoleregression.testcases.CustomerPortalJourneyTest" tests="5" failures="0" timestamp="19 Feb 2019 02:41:29 GMT" time="238.106" errors="0">
  <testcase name="verifyDomainRegistrationOrderForNewBTCustomerUsingNewCardInCustomerPortal" time="33.931" classname="com.consoleregression.testcases.CustomerPortalJourneyTest"/>
  <testcase name="verifyDomainandMultipleProductOrderForReturningQuestCustomerUsingExistingCardInCustomerPortal" time="59.039" classname="com.consoleregression.testcases.CustomerPortalJourneyTest"/>
  <testcase name="verifyDomainandMultipleProductOrderForReturningBTCustomerUsingExistingCardInCustomerPortal" time="62.146" classname="com.consoleregression.testcases.CustomerPortalJourneyTest"/>
  <testcase name="verifyDomainandMultipleProductOrderForReturningQuestCustomerUsingNewCardInCustomerPortal" time="43.671" classname="com.consoleregression.testcases.CustomerPortalJourneyTest"/>
  <testcase name="verifyDomainandMultipleProductOrderForReturningBTCustomerUsingNewCardInCustomerPortal" time="39.319" classname="com.consoleregression.testcases.CustomerPortalJourneyTest"/>
</testsuite> <!-- com.consoleregression.testcases.CustomerPortalJourneyTest -->
