<?xml version="1.0" encoding="UTF-8"?>
<!-- Generated by org.testng.reporters.JUnitReportReporter -->
<testsuite skipped="0" hostname="MIT01524" name="com.consoleregression.testcases.SalesDBJourneyTest" tests="1" failures="0" timestamp="10 May 2019 00:50:27 GMT" time="193.017" errors="0">
  <testcase name="verify_NzDomain_Order_InSalesDB" time="193.017" classname="com.consoleregression.testcases.SalesDBJourneyTest"/>
</testsuite> <!-- com.consoleregression.testcases.SalesDBJourneyTest -->
