<?xml version="1.0" encoding="UTF-8"?>
<!-- Generated by org.testng.reporters.JUnitReportReporter -->
<testsuite skipped="0" hostname="MIT01524" name="com.paymentgateway.uat.tpp.testcases.RegressionSalesDB" tests="6" failures="0" timestamp="17 Feb 2019 06:07:56 GMT" time="423.301" errors="0">
  <testcase name="testRefundPaymentFromSalesDB" time="44.966" classname="com.paymentgateway.uat.tpp.testcases.RegressionSalesDB"/>
  <testcase name="testProductSetup2WorkflowInConsoleAdmin" time="94.390" classname="com.paymentgateway.uat.tpp.testcases.RegressionSalesDB"/>
  <testcase name="testPaySingleInvoiceInConsoleAdmin" time="78.028" classname="com.paymentgateway.uat.tpp.testcases.RegressionSalesDB"/>
  <testcase name="testCreateDomainAndMajorProductOrderInSalesDB" time="83.390" classname="com.paymentgateway.uat.tpp.testcases.RegressionSalesDB"/>
  <testcase name="testPayInvoiceUsingExistingCardFromSalesDB" time="38.230" classname="com.paymentgateway.uat.tpp.testcases.RegressionSalesDB"/>
  <testcase name="testDomainRegistration2WorkflowInConsoleAdmin" time="84.297" classname="com.paymentgateway.uat.tpp.testcases.RegressionSalesDB"/>
</testsuite> <!-- com.paymentgateway.uat.tpp.testcases.RegressionSalesDB -->
