<?xml version="1.0" encoding="UTF-8"?>
<!-- Generated by org.testng.reporters.JUnitReportReporter -->
<testsuite skipped="0" hostname="MIT01524" name="com.paymentgateway.uat.tpp.testcases.RegressionSalesDB" tests="6" failures="0" timestamp="04 Feb 2019 01:57:45 GMT" time="432.253" errors="0">
  <testcase name="testDomainRegistration2WorkflowInConsoleAdmin" time="92.037" classname="com.paymentgateway.uat.tpp.testcases.RegressionSalesDB"/>
  <testcase name="testRefundPaymentFromSalesDB" time="44.174" classname="com.paymentgateway.uat.tpp.testcases.RegressionSalesDB"/>
  <testcase name="testPaySingleInvoiceInConsoleAdmin" time="79.768" classname="com.paymentgateway.uat.tpp.testcases.RegressionSalesDB"/>
  <testcase name="testPayInvoiceUsingExistingCardFromSalesDB" time="39.048" classname="com.paymentgateway.uat.tpp.testcases.RegressionSalesDB"/>
  <testcase name="testProductSetup2WorkflowInConsoleAdmin" time="97.326" classname="com.paymentgateway.uat.tpp.testcases.RegressionSalesDB"/>
  <testcase name="testCreateDomainAndMajorProductOrderInSalesDB" time="79.900" classname="com.paymentgateway.uat.tpp.testcases.RegressionSalesDB"/>
</testsuite> <!-- com.paymentgateway.uat.tpp.testcases.RegressionSalesDB -->
