<?xml version="1.0" encoding="UTF-8"?>
<!-- Generated by org.testng.reporters.JUnitReportReporter -->
<testsuite skipped="0" hostname="MIT01524" name="com.paymentgateway.uat.domainz.testcases.RegressionConsoleAdmin" tests="2" failures="0" timestamp="06 Feb 2019 04:29:17 GMT" time="63.249" errors="0">
  <testcase name="testUpdateExpiryInConsoleAdmin" time="16.429" classname="com.paymentgateway.uat.domainz.testcases.RegressionConsoleAdmin"/>
  <testcase name="testViewBillingInConsoleAdmin" time="46.820" classname="com.paymentgateway.uat.domainz.testcases.RegressionConsoleAdmin"/>
</testsuite> <!-- com.paymentgateway.uat.domainz.testcases.RegressionConsoleAdmin -->
