<?xml version="1.0" encoding="UTF-8"?>
<!-- Generated by org.testng.reporters.JUnitReportReporter -->
<testsuite skipped="3" hostname="MIT01524" name="com.paymentgateway.ui.dmz.testcases.DomainzSalesDBJourneyTest" tests="4" failures="0" timestamp="27 Aug 2018 01:45:28 GMT" time="63.008" errors="0">
  <testcase name="verifySingleDomainOrderInSalesDB" time="63.008" classname="com.paymentgateway.ui.dmz.testcases.DomainzSalesDBJourneyTest"/>
  <testcase name="verifyMultipleProductsOrderInSalesDB" classname="com.paymentgateway.ui.dmz.testcases.DomainzSalesDBJourneyTest">
    <skipped/>
  </testcase> <!-- verifyMultipleProductsOrderInSalesDB -->
  <testcase name="verifySingleDomainandMultipleProductsOrderInSalesDB" classname="com.paymentgateway.ui.dmz.testcases.DomainzSalesDBJourneyTest">
    <skipped/>
  </testcase> <!-- verifySingleDomainandMultipleProductsOrderInSalesDB -->
  <testcase name="verifySingleDomainandSingleProductOrderInSalesDB" classname="com.paymentgateway.ui.dmz.testcases.DomainzSalesDBJourneyTest">
    <skipped/>
  </testcase> <!-- verifySingleDomainandSingleProductOrderInSalesDB -->
</testsuite> <!-- com.paymentgateway.ui.dmz.testcases.DomainzSalesDBJourneyTest -->
