<?xml version="1.0" encoding="UTF-8"?>
<!-- Generated by org.testng.reporters.JUnitReportReporter -->
<testsuite skipped="0" hostname="MIT01524" name="com.paymentgateway.uat.melbourneit.testcases.RegressionSalesDB" tests="3" failures="0" timestamp="06 Feb 2019 04:29:17 GMT" time="258.718" errors="0">
  <testcase name="testProductSetup2WorkflowInConsoleAdmin" time="94.238" classname="com.paymentgateway.uat.melbourneit.testcases.RegressionSalesDB"/>
  <testcase name="testCreateDomainAndMajorProductOrderInSalesDB" time="82.260" classname="com.paymentgateway.uat.melbourneit.testcases.RegressionSalesDB"/>
  <testcase name="testDomainRegistration2WorkflowInConsoleAdmin" time="82.220" classname="com.paymentgateway.uat.melbourneit.testcases.RegressionSalesDB"/>
</testsuite> <!-- com.paymentgateway.uat.melbourneit.testcases.RegressionSalesDB -->
