<?xml version="1.0" encoding="UTF-8"?>
<!-- Generated by org.testng.reporters.JUnitReportReporter -->
<testsuite skipped="0" hostname="MIT01524" name="com.consoleregression.testcases.SalesDBJourneyTest" tests="4" failures="0" timestamp="13 May 2019 07:11:22 GMT" time="1446.120" errors="0">
  <testcase name="verify_ComAuDomain_Order_InSalesDB" time="257.023" classname="com.consoleregression.testcases.SalesDBJourneyTest"/>
  <testcase name="verify_NetDomain_and_DIFM_Order_InSalesDB" time="469.577" classname="com.consoleregression.testcases.SalesDBJourneyTest"/>
  <testcase name="verify_ComDomain_and_BasicCloudHostingOrder_InSalesDB" time="485.671" classname="com.consoleregression.testcases.SalesDBJourneyTest"/>
  <testcase name="verify_NzDomain_Order_InSalesDB" time="233.849" classname="com.consoleregression.testcases.SalesDBJourneyTest"/>
</testsuite> <!-- com.consoleregression.testcases.SalesDBJourneyTest -->
