<?xml version="1.0" encoding="UTF-8"?>
<!-- Generated by org.testng.reporters.JUnitReportReporter -->
<testsuite skipped="0" hostname="MIT01524" name="com.newcartregression.testcases.TestNewCustomerScenarioUsingNewCard" tests="1" failures="0" timestamp="29 Aug 2019 01:42:48 GMT" time="85.149" errors="0">
  <testcase name="testNewCustomerScenarioUsingNewCard" time="85.149" classname="com.newcartregression.testcases.TestNewCustomerScenarioUsingNewCard"/>
</testsuite> <!-- com.newcartregression.testcases.TestNewCustomerScenarioUsingNewCard -->
