<?xml version="1.0" encoding="UTF-8"?>
<!-- Generated by org.testng.reporters.JUnitReportReporter -->
<testsuite skipped="0" hostname="MIT01524" name="com.consoleregression.workflowtest.testcases.TestProductSetup2WorkflowForBasicCloudHosting" tests="1" failures="0" timestamp="18 Jun 2019 07:06:32 GMT" time="28.451" errors="1">
  <testcase name="testProductSetup2WorkflowForBasicCloudHosting" time="28.451" classname="com.consoleregression.workflowtest.testcases.TestProductSetup2WorkflowForBasicCloudHosting">
    <error type="java.lang.Error" message="Unresolved compilation problems: 
	upgradeWarningCheckBox cannot be resolved
	upgradeWarningCheckBox cannot be resolved
	upgradeWarningCheckBox cannot be resolved
	warningContinueButton cannot be resolved
	warningContinueButton cannot be resolved
	warningContinueButton cannot be resolved
">
      <![CDATA[java.lang.Error: Unresolved compilation problems: 
upgradeWarningCheckBox cannot be resolved
upgradeWarningCheckBox cannot be resolved
upgradeWarningCheckBox cannot be resolved
warningContinueButton cannot be resolved
warningContinueButton cannot be resolved
warningContinueButton cannot be resolved

at com.netregistryoldwebsite.pages.NRGHostingAndExtrasPage.clickContinueButtonToBillingPage(NRGHostingAndExtrasPage.java:222)
at com.consoleregression.workflowtest.testcases.TestProductSetup2WorkflowForBasicCloudHosting.testProductSetup2WorkflowForBasicCloudHosting(TestProductSetup2WorkflowForBasicCloudHosting.java:91)
at sun.reflect.NativeMethodAccessorImpl.invoke0(Native Method)
at sun.reflect.NativeMethodAccessorImpl.invoke(Unknown Source)
at sun.reflect.DelegatingMethodAccessorImpl.invoke(Unknown Source)
at java.lang.reflect.Method.invoke(Unknown Source)
at org.testng.internal.MethodInvocationHelper.invokeMethod(MethodInvocationHelper.java:124)
at org.testng.internal.Invoker.invokeMethod(Invoker.java:583)
at org.testng.internal.Invoker.invokeTestMethod(Invoker.java:719)
at org.testng.internal.Invoker.invokeTestMethods(Invoker.java:989)
at org.testng.internal.TestMethodWorker.invokeTestMethods(TestMethodWorker.java:125)
at org.testng.internal.TestMethodWorker.run(TestMethodWorker.java:109)
at org.testng.TestRunner.privateRun(TestRunner.java:648)
at org.testng.TestRunner.run(TestRunner.java:505)
at org.testng.SuiteRunner.runTest(SuiteRunner.java:455)
at org.testng.SuiteRunner.access$000(SuiteRunner.java:40)
at org.testng.SuiteRunner$SuiteWorker.run(SuiteRunner.java:489)
at org.testng.internal.thread.ThreadUtil$1.call(ThreadUtil.java:52)
at java.util.concurrent.FutureTask.run(Unknown Source)
at java.util.concurrent.ThreadPoolExecutor.runWorker(Unknown Source)
at java.util.concurrent.ThreadPoolExecutor$Worker.run(Unknown Source)
at java.lang.Thread.run(Unknown Source)
]]>
    </error>
  </testcase> <!-- testProductSetup2WorkflowForBasicCloudHosting -->
</testsuite> <!-- com.consoleregression.workflowtest.testcases.TestProductSetup2WorkflowForBasicCloudHosting -->
