<?xml version="1.0" encoding="UTF-8"?>
<!-- Generated by org.testng.reporters.JUnitReportReporter -->
<testsuite skipped="1" hostname="MIT01524" name="com.paymentgateway.uat.quest.melbourneit.testcases.SalesDBJourneyTest" tests="2" failures="0" timestamp="01 Oct 2018 01:59:02 GMT" time="119.375" errors="0">
  <testcase name="QuestMelbourneIT_VerifyCreateOrderPaidViaPrepaidCardInSalesDB" time="119.375" classname="com.paymentgateway.uat.quest.melbourneit.testcases.SalesDBJourneyTest"/>
  <testcase name="QuestMelbourneIT_VerifyCreateOrderPaidViaCreditCardInSalesDB" classname="com.paymentgateway.uat.quest.melbourneit.testcases.SalesDBJourneyTest">
    <skipped/>
  </testcase> <!-- QuestMelbourneIT_VerifyCreateOrderPaidViaCreditCardInSalesDB -->
</testsuite> <!-- com.paymentgateway.uat.quest.melbourneit.testcases.SalesDBJourneyTest -->
