<?xml version="1.0" encoding="UTF-8"?>
<!-- Generated by org.testng.reporters.JUnitReportReporter -->
<testsuite skipped="0" hostname="MIT01524" name="com.consoleregression.testcases.production.SalesDBJourneyTest" tests="3" failures="0" timestamp="27 Feb 2019 02:36:13 GMT" time="178.668" errors="0">
  <testcase name="verify_ComAuDomain_Order_InSalesDB" time="35.149" classname="com.consoleregression.testcases.production.SalesDBJourneyTest"/>
  <testcase name="verify_NetDomain_and_DIFM_Order_InSalesDB" time="64.571" classname="com.consoleregression.testcases.production.SalesDBJourneyTest"/>
  <testcase name="verify_ComDomain_and_Office365_Order_InSalesDB" time="78.948" classname="com.consoleregression.testcases.production.SalesDBJourneyTest"/>
</testsuite> <!-- com.consoleregression.testcases.production.SalesDBJourneyTest -->
