<?xml version="1.0" encoding="UTF-8"?>
<!-- Generated by org.testng.reporters.JUnitReportReporter -->
<testsuite skipped="0" hostname="WC060676" name="com.newcartregression.testcases.TestExistingCustomerScenarioUsingExistingCard" tests="1" failures="0" timestamp="16 Jan 2020 03:44:38 GMT" time="83.252" errors="0">
  <testcase name="testExistingCustomerScenarioUsingExistingCard" time="83.252" classname="com.newcartregression.testcases.TestExistingCustomerScenarioUsingExistingCard"/>
</testsuite> <!-- com.newcartregression.testcases.TestExistingCustomerScenarioUsingExistingCard -->
