<?xml version="1.0" encoding="UTF-8"?>
<!-- Generated by org.testng.reporters.JUnitReportReporter -->
<testsuite skipped="0" hostname="MIT01524" name="com.paymentgateway.uat.testsuite.RegressionSuite" tests="1" failures="0" timestamp="23 Jan 2019 03:09:08 GMT" time="0.018" errors="0">
  <testcase name="testPaymentGatewayRegression" time="0.018" classname="com.paymentgateway.uat.testsuite.RegressionSuite"/>
</testsuite> <!-- com.paymentgateway.uat.testsuite.RegressionSuite -->
