<?xml version="1.0" encoding="UTF-8"?>
<!-- Generated by org.testng.reporters.JUnitReportReporter -->
<testsuite skipped="0" hostname="MIT01524" name="com.consoleregression.workflowtest.testcases.TestDomainRegistration2WorkflowForOrg" tests="1" failures="0" timestamp="28 May 2019 07:33:26 GMT" time="307.323" errors="0">
  <testcase name="testDomainRegistration2WorkflowForOrg" time="307.323" classname="com.consoleregression.workflowtest.testcases.TestDomainRegistration2WorkflowForOrg"/>
</testsuite> <!-- com.consoleregression.workflowtest.testcases.TestDomainRegistration2WorkflowForOrg -->
