<?xml version="1.0" encoding="UTF-8"?>
<!-- Generated by org.testng.reporters.JUnitReportReporter -->
<testsuite skipped="0" hostname="MIT01524" name="com.paymentgateway.uat.tpp.testcases.RegressionSalesDB" tests="4" failures="0" timestamp="13 Sep 2019 01:10:42 GMT" time="864.447" errors="0">
  <testcase name="testProductSetup2WorkflowInConsoleAdmin" time="237.588" classname="com.paymentgateway.uat.tpp.testcases.RegressionSalesDB"/>
  <testcase name="testDomainRegistration2WorkflowInConsoleAdmin" time="258.864" classname="com.paymentgateway.uat.tpp.testcases.RegressionSalesDB"/>
  <testcase name="testCreateDomainAndMajorProductOrderInSalesDB" time="154.808" classname="com.paymentgateway.uat.tpp.testcases.RegressionSalesDB"/>
  <testcase name="testPaySingleInvoiceInConsoleAdmin" time="213.187" classname="com.paymentgateway.uat.tpp.testcases.RegressionSalesDB"/>
</testsuite> <!-- com.paymentgateway.uat.tpp.testcases.RegressionSalesDB -->
