<?xml version="1.0" encoding="UTF-8"?>
<!-- Generated by org.testng.reporters.JUnitReportReporter -->
<testsuite skipped="0" hostname="MIT01524" name="com.paymentgateway.uat.melbourneit.testcases.RegressionSalesDB" tests="3" failures="0" timestamp="29 Apr 2019 06:19:49 GMT" time="444.621" errors="0">
  <testcase name="testDomainRegistration2WorkflowInConsoleAdmin" time="147.577" classname="com.paymentgateway.uat.melbourneit.testcases.RegressionSalesDB"/>
  <testcase name="testProductSetup2WorkflowInConsoleAdmin" time="211.013" classname="com.paymentgateway.uat.melbourneit.testcases.RegressionSalesDB"/>
  <testcase name="testCreateDomainAndMajorProductOrderInSalesDB" time="86.031" classname="com.paymentgateway.uat.melbourneit.testcases.RegressionSalesDB"/>
</testsuite> <!-- com.paymentgateway.uat.melbourneit.testcases.RegressionSalesDB -->
