<?xml version="1.0" encoding="UTF-8"?>
<!-- Generated by org.testng.reporters.JUnitReportReporter -->
<testsuite skipped="0" hostname="MIT01524" name="com.consoleregression.testcases.production.CustomerPortalJourneyTest" tests="2" failures="0" timestamp="22 Aug 2019 05:22:03 GMT" time="165.314" errors="0">
  <testcase name="verifyDomainandMultipleProductOrderForReturningCustomerInCustomerPortal" time="82.379" classname="com.consoleregression.testcases.production.CustomerPortalJourneyTest"/>
  <testcase name="verifyDomainRegistrationOrderForNewCustomerInCustomerPortal" time="82.935" classname="com.consoleregression.testcases.production.CustomerPortalJourneyTest"/>
</testsuite> <!-- com.consoleregression.testcases.production.CustomerPortalJourneyTest -->
