<?xml version="1.0" encoding="UTF-8"?>
<!-- Generated by org.testng.reporters.JUnitReportReporter -->
<testsuite skipped="0" hostname="MIT01524" name="com.paymentgateway.uat.melbourneit.testcases.RegressionConsoleAdmin" tests="2" failures="0" timestamp="10 Sep 2019 07:16:30 GMT" time="176.598" errors="0">
  <testcase name="testViewBillingInConsoleAdmin" time="154.368" classname="com.paymentgateway.uat.melbourneit.testcases.RegressionConsoleAdmin"/>
  <testcase name="testUpdateExpiryInConsoleAdmin" time="22.230" classname="com.paymentgateway.uat.melbourneit.testcases.RegressionConsoleAdmin"/>
</testsuite> <!-- com.paymentgateway.uat.melbourneit.testcases.RegressionConsoleAdmin -->
