<?xml version="1.0" encoding="UTF-8"?>
<!-- Generated by org.testng.reporters.JUnitReportReporter -->
<testsuite skipped="0" hostname="MIT01524" name="com.paymentgateway.uat.netregistry.testcases.RegressionSalesDB" tests="6" failures="0" timestamp="02 May 2019 05:57:09 GMT" time="793.137" errors="0">
  <testcase name="testDomainRegistration2WorkflowInConsoleAdmin" time="196.987" classname="com.paymentgateway.uat.netregistry.testcases.RegressionSalesDB"/>
  <testcase name="testRefundPaymentFromSalesDB" time="42.889" classname="com.paymentgateway.uat.netregistry.testcases.RegressionSalesDB"/>
  <testcase name="testProductSetup2WorkflowInConsoleAdmin" time="230.856" classname="com.paymentgateway.uat.netregistry.testcases.RegressionSalesDB"/>
  <testcase name="testPaySingleInvoiceInConsoleAdmin" time="197.312" classname="com.paymentgateway.uat.netregistry.testcases.RegressionSalesDB"/>
  <testcase name="testCreateDomainAndMajorProductOrderInSalesDB" time="87.718" classname="com.paymentgateway.uat.netregistry.testcases.RegressionSalesDB"/>
  <testcase name="testPayInvoiceUsingExistingCardFromSalesDB" time="37.375" classname="com.paymentgateway.uat.netregistry.testcases.RegressionSalesDB"/>
</testsuite> <!-- com.paymentgateway.uat.netregistry.testcases.RegressionSalesDB -->
