<?xml version="1.0" encoding="UTF-8"?>
<!-- Generated by org.testng.reporters.JUnitReportReporter -->
<testsuite skipped="0" hostname="MIT01524" name="com.paymentgateway.testdatacreation.testcases.NetregistryDataCreationTest" tests="3" failures="0" timestamp="24 Mar 2019 23:20:34 GMT" time="686.250" errors="0">
  <testcase name="createPropertyFileForDecryptedDataVerification" time="0.008" classname="com.paymentgateway.testdatacreation.testcases.NetregistryDataCreationTest"/>
  <testcase name="generateCustomerDataWithDomainRegistrationAndEnableAutoRenew" time="686.238" classname="com.paymentgateway.testdatacreation.testcases.NetregistryDataCreationTest"/>
  <testcase name="createTextFileForGreencodeAndCreditCardDetails" time="0.004" classname="com.paymentgateway.testdatacreation.testcases.NetregistryDataCreationTest"/>
</testsuite> <!-- com.paymentgateway.testdatacreation.testcases.NetregistryDataCreationTest -->
