<?xml version="1.0" encoding="UTF-8"?>
<!-- Generated by org.testng.reporters.JUnitReportReporter -->
<testsuite skipped="0" hostname="MIT01524" name="com.paymentgateway.uat.quest.tppwholesale.testcases.ConsoleAdminJourneyTest" tests="1" failures="0" timestamp="15 Oct 2018 00:20:04 GMT" time="23.303" errors="0">
  <testcase name="QuestTPPWholesale_VerifyViewBillingInConsoleAdmin" time="23.303" classname="com.paymentgateway.uat.quest.tppwholesale.testcases.ConsoleAdminJourneyTest"/>
</testsuite> <!-- com.paymentgateway.uat.quest.tppwholesale.testcases.ConsoleAdminJourneyTest -->
