<?xml version="1.0" encoding="UTF-8"?>
<!-- Generated by org.testng.reporters.JUnitReportReporter -->
<testsuite skipped="0" hostname="MIT01524" name="com.paymentgateway.newshoppingcart.testcases.TestCaptchaForNewCustomerUsingNewCard" tests="1" failures="0" timestamp="18 Jul 2019 00:20:21 GMT" time="75.872" errors="0">
  <testcase name="testCaptchaForNewCustomerUsingNewCard" time="75.872" classname="com.paymentgateway.newshoppingcart.testcases.TestCaptchaForNewCustomerUsingNewCard"/>
</testsuite> <!-- com.paymentgateway.newshoppingcart.testcases.TestCaptchaForNewCustomerUsingNewCard -->
