<?xml version="1.0" encoding="UTF-8"?>
<!-- Generated by org.testng.reporters.JUnitReportReporter -->
<testsuite skipped="0" hostname="MIT01524" name="com.consoleregression.testcases.production.SalesDBJourneyTest" tests="1" failures="0" timestamp="05 Feb 2019 22:45:43 GMT" time="77.087" errors="0">
  <testcase name="verify_NetDomain_and_DIFM_Order_InSalesDB" time="77.087" classname="com.consoleregression.testcases.production.SalesDBJourneyTest"/>
</testsuite> <!-- com.consoleregression.testcases.production.SalesDBJourneyTest -->
