<?xml version="1.0" encoding="UTF-8"?>
<!-- Generated by org.testng.reporters.JUnitReportReporter -->
<testsuite skipped="0" hostname="MIT01524" name="com.consoleregression.testcases.production.SalesDBJourneyTest" tests="4" failures="0" timestamp="10 Jul 2019 06:27:25 GMT" time="224.809" errors="0">
  <testcase name="verify_NetDomain_and_DIFM_Order_InSalesDB" time="67.031" classname="com.consoleregression.testcases.production.SalesDBJourneyTest"/>
  <testcase name="verify_NzDomain_Order_InSalesDB" time="37.775" classname="com.consoleregression.testcases.production.SalesDBJourneyTest"/>
  <testcase name="verify_ComDomain_and_Office365_Order_InSalesDB" time="85.128" classname="com.consoleregression.testcases.production.SalesDBJourneyTest"/>
  <testcase name="verify_ComAuDomain_Order_InSalesDB" time="34.875" classname="com.consoleregression.testcases.production.SalesDBJourneyTest"/>
</testsuite> <!-- com.consoleregression.testcases.production.SalesDBJourneyTest -->
