<?xml version="1.0" encoding="UTF-8"?>
<!-- Generated by org.testng.reporters.JUnitReportReporter -->
<testsuite skipped="0" hostname="MIT01524" name="com.paymentgateway.testdatacreation.testcases.MelbourneITDataCreationTest" tests="3" failures="0" timestamp="09 Apr 2019 00:16:04 GMT" time="407.695" errors="0">
  <testcase name="createTextFileForGreencodeAndCreditCardDetails" time="0.008" classname="com.paymentgateway.testdatacreation.testcases.MelbourneITDataCreationTest"/>
  <testcase name="createPropertyFileForDecryptedDataVerification" time="0.009" classname="com.paymentgateway.testdatacreation.testcases.MelbourneITDataCreationTest"/>
  <testcase name="generateCustomerDataWithDefaultCreditCard" time="407.678" classname="com.paymentgateway.testdatacreation.testcases.MelbourneITDataCreationTest"/>
</testsuite> <!-- com.paymentgateway.testdatacreation.testcases.MelbourneITDataCreationTest -->
