<?xml version="1.0" encoding="UTF-8"?>
<!-- Generated by org.testng.reporters.JUnitReportReporter -->
<testsuite skipped="0" hostname="MIT01524" name="com.paymentgateway.migration.braintreepostvalidation.testcases.DomainzBTPostValidationTest" tests="5" failures="0" timestamp="11 Feb 2019 04:07:11 GMT" time="5276.532" errors="0">
  <testcase name="testMigratedCustomerWithYearlyBillingProduct" time="1311.885" classname="com.paymentgateway.migration.braintreepostvalidation.testcases.DomainzBTPostValidationTest"/>
  <testcase name="testMigratedCustomerWithMonthlyBillingProduct" time="1296.724" classname="com.paymentgateway.migration.braintreepostvalidation.testcases.DomainzBTPostValidationTest"/>
  <testcase name="testMigratedCustomerInDomainRegistrationAndEnableAutoRenew" time="1070.268" classname="com.paymentgateway.migration.braintreepostvalidation.testcases.DomainzBTPostValidationTest"/>
  <testcase name="testMigratedCustomerWithOutstandingInvoice" time="802.598" classname="com.paymentgateway.migration.braintreepostvalidation.testcases.DomainzBTPostValidationTest"/>
  <testcase name="testMigratedCustomerWithDefaultCreditCard" time="795.057" classname="com.paymentgateway.migration.braintreepostvalidation.testcases.DomainzBTPostValidationTest"/>
</testsuite> <!-- com.paymentgateway.migration.braintreepostvalidation.testcases.DomainzBTPostValidationTest -->
