<?xml version="1.0" encoding="UTF-8"?>
<!-- Generated by org.testng.reporters.JUnitReportReporter -->
<testsuite skipped="0" hostname="MIT01524" name="com.consoleregression.testcases.production.CustomerPortalJourneyTest" tests="2" failures="0" timestamp="19 Feb 2019 22:52:48 GMT" time="66.634" errors="0">
  <testcase name="verifyDomainRegistrationOrderForNewCustomerInCustomerPortal" time="27.477" classname="com.consoleregression.testcases.production.CustomerPortalJourneyTest"/>
  <testcase name="verifyDomainandMultipleProductOrderForReturningCustomerInCustomerPortal" time="39.157" classname="com.consoleregression.testcases.production.CustomerPortalJourneyTest"/>
</testsuite> <!-- com.consoleregression.testcases.production.CustomerPortalJourneyTest -->
