<?xml version="1.0" encoding="UTF-8"?>
<!-- Generated by org.testng.reporters.JUnitReportReporter -->
<testsuite skipped="0" hostname="MIT01524" name="com.paymentgateway.uat.domainz.testcases.RegressionSMUI" tests="5" failures="0" timestamp="19 Aug 2019 01:11:00 GMT" time="335.400" errors="0">
  <testcase name="testRechargePrepaidUsingExistingCardInSMUI" time="73.074" classname="com.paymentgateway.uat.domainz.testcases.RegressionSMUI"/>
  <testcase name="testModifyExistingCreditCardInSMUI" time="50.661" classname="com.paymentgateway.uat.domainz.testcases.RegressionSMUI"/>
  <testcase name="testRechargePrepaidUsingNewCardInSMUI" time="63.142" classname="com.paymentgateway.uat.domainz.testcases.RegressionSMUI"/>
  <testcase name="testAddNewCreditCardInSMUI" time="57.896" classname="com.paymentgateway.uat.domainz.testcases.RegressionSMUI"/>
  <testcase name="testMakeCreditCardDefaultInSMUI" time="90.627" classname="com.paymentgateway.uat.domainz.testcases.RegressionSMUI"/>
</testsuite> <!-- com.paymentgateway.uat.domainz.testcases.RegressionSMUI -->
