<?xml version="1.0" encoding="UTF-8"?>
<!-- Generated by org.testng.reporters.JUnitReportReporter -->
<testsuite skipped="0" hostname="MIT01524" name="com.consoleregression.testcases.production.CustomerPortalJourneyTest" tests="1" failures="0" timestamp="13 May 2019 00:07:02 GMT" time="44.583" errors="0">
  <testcase name="verifyDomainandMultipleProductOrderForReturningCustomerInCustomerPortal" time="44.583" classname="com.consoleregression.testcases.production.CustomerPortalJourneyTest"/>
</testsuite> <!-- com.consoleregression.testcases.production.CustomerPortalJourneyTest -->
