<?xml version="1.0" encoding="UTF-8"?>
<!-- Generated by org.testng.reporters.JUnitReportReporter -->
<testsuite skipped="0" hostname="MIT01524" name="com.newcartregression.testcases.TestExistingCustomerScenarioUsingExistingCard" tests="1" failures="0" timestamp="18 Jul 2019 02:58:13 GMT" time="112.589" errors="0">
  <testcase name="testExistingCustomerScenarioUsingExistingCard" time="112.589" classname="com.newcartregression.testcases.TestExistingCustomerScenarioUsingExistingCard"/>
</testsuite> <!-- com.newcartregression.testcases.TestExistingCustomerScenarioUsingExistingCard -->
