<?xml version="1.0" encoding="UTF-8"?>
<!-- Generated by org.testng.reporters.JUnitReportReporter -->
<testsuite skipped="0" hostname="WC063317" name="com.consoleregression.testcases.SalesDBJourneyTest" tests="4" failures="0" timestamp="25 Oct 2019 03:20:47 GMT" time="1709.995" errors="0">
  <testcase name="verify_ComDomain_and_BasicCloudHostingOrder_InSalesDB" time="564.623" classname="com.consoleregression.testcases.SalesDBJourneyTest"/>
  <testcase name="verify_NzDomain_Order_InSalesDB" time="283.768" classname="com.consoleregression.testcases.SalesDBJourneyTest"/>
  <testcase name="verify_NetDomain_and_DIFM_Order_InSalesDB" time="565.536" classname="com.consoleregression.testcases.SalesDBJourneyTest"/>
  <testcase name="verify_ComAuDomain_Order_InSalesDB" time="296.068" classname="com.consoleregression.testcases.SalesDBJourneyTest"/>
</testsuite> <!-- com.consoleregression.testcases.SalesDBJourneyTest -->
