<?xml version="1.0" encoding="UTF-8"?>
<!-- Generated by org.testng.reporters.JUnitReportReporter -->
<testsuite skipped="21" hostname="MIT01524" name="com.paymentgateway.ui.nrg.testcases.NetregistryOldCustomerCartJourneyTest" tests="22" failures="0" timestamp="22 May 2018 11:22:41 GMT" time="18.920" errors="0">
  <testcase name="verifyHostingSignupForNewCustomer" time="18.920" classname="com.paymentgateway.ui.nrg.testcases.NetregistryOldCustomerCartJourneyTest"/>
  <testcase name="verifySocialMediaAdvertisingForExistingCustomer" classname="com.paymentgateway.ui.nrg.testcases.NetregistryOldCustomerCartJourneyTest">
    <skipped/>
  </testcase> <!-- verifySocialMediaAdvertisingForExistingCustomer -->
  <testcase name="verifySSLForNewCustomer" classname="com.paymentgateway.ui.nrg.testcases.NetregistryOldCustomerCartJourneyTest">
    <skipped/>
  </testcase> <!-- verifySSLForNewCustomer -->
  <testcase name="verifyDomainTransferForExistingCustomer" classname="com.paymentgateway.ui.nrg.testcases.NetregistryOldCustomerCartJourneyTest">
    <skipped/>
  </testcase> <!-- verifyDomainTransferForExistingCustomer -->
  <testcase name="verifyDomainRenewalForExistingCustomer" classname="com.paymentgateway.ui.nrg.testcases.NetregistryOldCustomerCartJourneyTest">
    <skipped/>
  </testcase> <!-- verifyDomainRenewalForExistingCustomer -->
  <testcase name="verifySEOForExistingCustomer" classname="com.paymentgateway.ui.nrg.testcases.NetregistryOldCustomerCartJourneyTest">
    <skipped/>
  </testcase> <!-- verifySEOForExistingCustomer -->
  <testcase name="verifyEmailMarketingForNewCustomer" classname="com.paymentgateway.ui.nrg.testcases.NetregistryOldCustomerCartJourneyTest">
    <skipped/>
  </testcase> <!-- verifyEmailMarketingForNewCustomer -->
  <testcase name="verifyDomainRegistrationForExistingCustomer" classname="com.paymentgateway.ui.nrg.testcases.NetregistryOldCustomerCartJourneyTest">
    <skipped/>
  </testcase> <!-- verifyDomainRegistrationForExistingCustomer -->
  <testcase name="verifyHostingSignupForExistingCustomer" classname="com.paymentgateway.ui.nrg.testcases.NetregistryOldCustomerCartJourneyTest">
    <skipped/>
  </testcase> <!-- verifyHostingSignupForExistingCustomer -->
  <testcase name="verifyOffice365ForExistingCustomer" classname="com.paymentgateway.ui.nrg.testcases.NetregistryOldCustomerCartJourneyTest">
    <skipped/>
  </testcase> <!-- verifyOffice365ForExistingCustomer -->
  <testcase name="verifySocialMediaAdvertisingForNewCustomer" classname="com.paymentgateway.ui.nrg.testcases.NetregistryOldCustomerCartJourneyTest">
    <skipped/>
  </testcase> <!-- verifySocialMediaAdvertisingForNewCustomer -->
  <testcase name="verifyHostingAndWebsiteDoneForYouForExistingCustomer" classname="com.paymentgateway.ui.nrg.testcases.NetregistryOldCustomerCartJourneyTest">
    <skipped/>
  </testcase> <!-- verifyHostingAndWebsiteDoneForYouForExistingCustomer -->
  <testcase name="verifyOutstandingInvoicesForExistingCustomer" classname="com.paymentgateway.ui.nrg.testcases.NetregistryOldCustomerCartJourneyTest">
    <skipped/>
  </testcase> <!-- verifyOutstandingInvoicesForExistingCustomer -->
  <testcase name="verifySSLForExistingCustomer" classname="com.paymentgateway.ui.nrg.testcases.NetregistryOldCustomerCartJourneyTest">
    <skipped/>
  </testcase> <!-- verifySSLForExistingCustomer -->
  <testcase name="verifyDomainRegistrationForNewCustomer" classname="com.paymentgateway.ui.nrg.testcases.NetregistryOldCustomerCartJourneyTest">
    <skipped/>
  </testcase> <!-- verifyDomainRegistrationForNewCustomer -->
  <testcase name="verifyWebDesignWordpressForExistingCustomer" classname="com.paymentgateway.ui.nrg.testcases.NetregistryOldCustomerCartJourneyTest">
    <skipped/>
  </testcase> <!-- verifyWebDesignWordpressForExistingCustomer -->
  <testcase name="verifySSLRenewalForExistingCustomer" classname="com.paymentgateway.ui.nrg.testcases.NetregistryOldCustomerCartJourneyTest">
    <skipped/>
  </testcase> <!-- verifySSLRenewalForExistingCustomer -->
  <testcase name="verifyWebDesignWordpressForNewCustomer" classname="com.paymentgateway.ui.nrg.testcases.NetregistryOldCustomerCartJourneyTest">
    <skipped/>
  </testcase> <!-- verifyWebDesignWordpressForNewCustomer -->
  <testcase name="verifyHostingAndWebsiteDoneForYouForNewCustomer" classname="com.paymentgateway.ui.nrg.testcases.NetregistryOldCustomerCartJourneyTest">
    <skipped/>
  </testcase> <!-- verifyHostingAndWebsiteDoneForYouForNewCustomer -->
  <testcase name="verifyEmailMarketingForExistingCustomer" classname="com.paymentgateway.ui.nrg.testcases.NetregistryOldCustomerCartJourneyTest">
    <skipped/>
  </testcase> <!-- verifyEmailMarketingForExistingCustomer -->
  <testcase name="verifyProductRenewalForExistingCustomer" classname="com.paymentgateway.ui.nrg.testcases.NetregistryOldCustomerCartJourneyTest">
    <skipped/>
  </testcase> <!-- verifyProductRenewalForExistingCustomer -->
  <testcase name="verifySEOForNewCustomer" classname="com.paymentgateway.ui.nrg.testcases.NetregistryOldCustomerCartJourneyTest">
    <skipped/>
  </testcase> <!-- verifySEOForNewCustomer -->
</testsuite> <!-- com.paymentgateway.ui.nrg.testcases.NetregistryOldCustomerCartJourneyTest -->
