<?xml version="1.0" encoding="UTF-8"?>
<!-- Generated by org.testng.reporters.JUnitReportReporter -->
<testsuite skipped="0" hostname="MIT01524" name="com.newcartregression.testcases.TestExistingCustomerScenarioUsingExistingCard" tests="1" failures="0" timestamp="29 Aug 2019 01:42:48 GMT" time="118.257" errors="0">
  <testcase name="testExistingCustomerScenarioUsingExistingCard" time="118.257" classname="com.newcartregression.testcases.TestExistingCustomerScenarioUsingExistingCard"/>
</testsuite> <!-- com.newcartregression.testcases.TestExistingCustomerScenarioUsingExistingCard -->
