<?xml version="1.0" encoding="UTF-8"?>
<!-- Generated by org.testng.reporters.JUnitReportReporter -->
<testsuite skipped="0" hostname="MIT01524" name="com.paymentgateway.uat.tpp.testcases.RegressionSalesDB" tests="6" failures="0" timestamp="06 Feb 2019 04:29:17 GMT" time="436.222" errors="0">
  <testcase name="testCreateDomainAndMajorProductOrderInSalesDB" time="81.464" classname="com.paymentgateway.uat.tpp.testcases.RegressionSalesDB"/>
  <testcase name="testPayInvoiceUsingExistingCardFromSalesDB" time="39.183" classname="com.paymentgateway.uat.tpp.testcases.RegressionSalesDB"/>
  <testcase name="testRefundPaymentFromSalesDB" time="42.944" classname="com.paymentgateway.uat.tpp.testcases.RegressionSalesDB"/>
  <testcase name="testDomainRegistration2WorkflowInConsoleAdmin" time="86.265" classname="com.paymentgateway.uat.tpp.testcases.RegressionSalesDB"/>
  <testcase name="testPaySingleInvoiceInConsoleAdmin" time="82.404" classname="com.paymentgateway.uat.tpp.testcases.RegressionSalesDB"/>
  <testcase name="testProductSetup2WorkflowInConsoleAdmin" time="103.962" classname="com.paymentgateway.uat.tpp.testcases.RegressionSalesDB"/>
</testsuite> <!-- com.paymentgateway.uat.tpp.testcases.RegressionSalesDB -->
