<?xml version="1.0" encoding="UTF-8"?>
<!-- Generated by org.testng.reporters.JUnitReportReporter -->
<testsuite skipped="0" hostname="MIT01524" name="com.consoleregression.testcases.production.SalesDBJourneyTest" tests="3" failures="0" timestamp="30 Nov 2018 03:27:48 GMT" time="81.481" errors="0">
  <testcase name="verify_ComAuDomain_Order_InSalesDB" time="15.716" classname="com.consoleregression.testcases.production.SalesDBJourneyTest"/>
  <testcase name="verify_NetDomain_and_DIFM_Order_InSalesDB" time="25.296" classname="com.consoleregression.testcases.production.SalesDBJourneyTest"/>
  <testcase name="verify_ComDomain_and_Office365_Order_InSalesDB" time="40.469" classname="com.consoleregression.testcases.production.SalesDBJourneyTest"/>
</testsuite> <!-- com.consoleregression.testcases.production.SalesDBJourneyTest -->
