<?xml version="1.0" encoding="UTF-8"?>
<!-- Generated by org.testng.reporters.JUnitReportReporter -->
<testsuite skipped="0" hostname="MIT01524" name="com.paymentgateway.uat.domainz.testcases.RegressionConsoleAdmin" tests="2" failures="0" timestamp="01 Aug 2019 06:05:31 GMT" time="175.852" errors="0">
  <testcase name="testUpdateExpiryInConsoleAdmin" time="19.539" classname="com.paymentgateway.uat.domainz.testcases.RegressionConsoleAdmin"/>
  <testcase name="testViewBillingInConsoleAdmin" time="156.313" classname="com.paymentgateway.uat.domainz.testcases.RegressionConsoleAdmin"/>
</testsuite> <!-- com.paymentgateway.uat.domainz.testcases.RegressionConsoleAdmin -->
