<?xml version="1.0" encoding="UTF-8"?>
<!-- Generated by org.testng.reporters.JUnitReportReporter -->
<testsuite skipped="0" hostname="MIT01524" name="com.paymentgateway.uat.netregistry.testcases.RegressionSalesDB" tests="6" failures="0" timestamp="09 Jan 2019 06:02:46 GMT" time="267.003" errors="0">
  <testcase name="testCreateDomainAndMajorProductOrderInSalesDB" time="76.295" classname="com.paymentgateway.uat.netregistry.testcases.RegressionSalesDB"/>
  <testcase name="testDomainRegistration2WorkflowInConsoleAdmin" time="39.148" classname="com.paymentgateway.uat.netregistry.testcases.RegressionSalesDB"/>
  <testcase name="testProductSetup2WorkflowInConsoleAdmin" time="38.139" classname="com.paymentgateway.uat.netregistry.testcases.RegressionSalesDB"/>
  <testcase name="testPaySingleInvoiceInConsoleAdmin" time="35.578" classname="com.paymentgateway.uat.netregistry.testcases.RegressionSalesDB"/>
  <testcase name="testRefundPaymentFromSalesDB" time="40.980" classname="com.paymentgateway.uat.netregistry.testcases.RegressionSalesDB"/>
  <testcase name="testPayInvoiceUsingExistingCardFromSalesDB" time="36.863" classname="com.paymentgateway.uat.netregistry.testcases.RegressionSalesDB"/>
</testsuite> <!-- com.paymentgateway.uat.netregistry.testcases.RegressionSalesDB -->
