<?xml version="1.0" encoding="UTF-8"?>
<!-- Generated by org.testng.reporters.JUnitReportReporter -->
<testsuite skipped="0" hostname="MIT01524" name="com.consoleregression.testcases.SalesDBJourneyTest" tests="4" failures="0" timestamp="16 Aug 2019 03:44:25 GMT" time="1862.667" errors="0">
  <testcase name="verify_ComAuDomain_Order_InSalesDB" time="340.580" classname="com.consoleregression.testcases.SalesDBJourneyTest"/>
  <testcase name="verify_NzDomain_Order_InSalesDB" time="327.041" classname="com.consoleregression.testcases.SalesDBJourneyTest"/>
  <testcase name="verify_NetDomain_and_DIFM_Order_InSalesDB" time="590.294" classname="com.consoleregression.testcases.SalesDBJourneyTest"/>
  <testcase name="verify_ComDomain_and_BasicCloudHostingOrder_InSalesDB" time="604.752" classname="com.consoleregression.testcases.SalesDBJourneyTest"/>
</testsuite> <!-- com.consoleregression.testcases.SalesDBJourneyTest -->
