<?xml version="1.0" encoding="UTF-8"?>
<!-- Generated by org.testng.reporters.JUnitReportReporter -->
<testsuite skipped="0" hostname="MIT01524" name="com.paymentgateway.uat.melbourneit.testcases.RegressionSalesDB" tests="3" failures="0" timestamp="02 May 2019 05:57:09 GMT" time="481.400" errors="0">
  <testcase name="testDomainRegistration2WorkflowInConsoleAdmin" time="183.587" classname="com.paymentgateway.uat.melbourneit.testcases.RegressionSalesDB"/>
  <testcase name="testCreateDomainAndMajorProductOrderInSalesDB" time="86.321" classname="com.paymentgateway.uat.melbourneit.testcases.RegressionSalesDB"/>
  <testcase name="testProductSetup2WorkflowInConsoleAdmin" time="211.492" classname="com.paymentgateway.uat.melbourneit.testcases.RegressionSalesDB"/>
</testsuite> <!-- com.paymentgateway.uat.melbourneit.testcases.RegressionSalesDB -->
