<?xml version="1.0" encoding="UTF-8"?>
<!-- Generated by org.testng.reporters.JUnitReportReporter -->
<testsuite skipped="0" hostname="WC060676" name="com.newcartregression.testcases.TestExistingCustomerScenarioUsingNewCard" tests="1" failures="0" timestamp="16 Jan 2020 03:44:38 GMT" time="87.507" errors="0">
  <testcase name="testExistingCustomerScenarioUsingNewCard" time="87.507" classname="com.newcartregression.testcases.TestExistingCustomerScenarioUsingNewCard"/>
</testsuite> <!-- com.newcartregression.testcases.TestExistingCustomerScenarioUsingNewCard -->
