<?xml version="1.0" encoding="UTF-8"?>
<!-- Generated by org.testng.reporters.JUnitReportReporter -->
<testsuite skipped="0" hostname="MIT01524" name="com.paymentgateway.ui.dmz.testcases.DomainRegistrationPreAuth" tests="3" failures="0" timestamp="26 Apr 2018 02:59:16 GMT" time="85.112" errors="0">
  <testcase name="verifyPreAuthorization" time="27.238" classname="com.paymentgateway.ui.dmz.testcases.DomainRegistrationPreAuth"/>
  <testcase name="verifyPreAuthorization" time="30.431" classname="com.paymentgateway.ui.dmz.testcases.DomainRegistrationPreAuth"/>
  <testcase name="verifyPreAuthorization" time="27.443" classname="com.paymentgateway.ui.dmz.testcases.DomainRegistrationPreAuth"/>
</testsuite> <!-- com.paymentgateway.ui.dmz.testcases.DomainRegistrationPreAuth -->
