<?xml version="1.0" encoding="UTF-8"?>
<!-- Generated by org.testng.reporters.JUnitReportReporter -->
<testsuite skipped="0" hostname="MIT01524" name="com.paymentgateway.uat.netregistry.testcases.RegressionConsoleAdmin" tests="2" failures="0" timestamp="06 Aug 2019 03:21:56 GMT" time="190.899" errors="0">
  <testcase name="testViewBillingInConsoleAdmin" time="171.663" classname="com.paymentgateway.uat.netregistry.testcases.RegressionConsoleAdmin"/>
  <testcase name="testUpdateExpiryInConsoleAdmin" time="19.236" classname="com.paymentgateway.uat.netregistry.testcases.RegressionConsoleAdmin"/>
</testsuite> <!-- com.paymentgateway.uat.netregistry.testcases.RegressionConsoleAdmin -->
