<?xml version="1.0" encoding="UTF-8"?>
<!-- Generated by org.testng.reporters.JUnitReportReporter -->
<testsuite skipped="0" hostname="MIT01524" name="com.consoleregression.testcases.SalesDBJourneyTest" tests="4" failures="0" timestamp="15 Jul 2019 02:52:47 GMT" time="1746.876" errors="0">
  <testcase name="verify_ComAuDomain_Order_InSalesDB" time="329.881" classname="com.consoleregression.testcases.SalesDBJourneyTest"/>
  <testcase name="verify_NetDomain_and_DIFM_Order_InSalesDB" time="539.951" classname="com.consoleregression.testcases.SalesDBJourneyTest"/>
  <testcase name="verify_ComDomain_and_BasicCloudHostingOrder_InSalesDB" time="559.558" classname="com.consoleregression.testcases.SalesDBJourneyTest"/>
  <testcase name="verify_NzDomain_Order_InSalesDB" time="317.486" classname="com.consoleregression.testcases.SalesDBJourneyTest"/>
</testsuite> <!-- com.consoleregression.testcases.SalesDBJourneyTest -->
