<?xml version="1.0" encoding="UTF-8"?>
<!-- Generated by org.testng.reporters.JUnitReportReporter -->
<testsuite skipped="0" hostname="MIT01524" name="com.consoleregression.workflowtest.testcases.TestDomainRegistration2WorkflowForComAu" tests="1" failures="0" timestamp="28 May 2019 07:33:26 GMT" time="250.881" errors="0">
  <testcase name="testDomainRegistration2WorkflowForComAu" time="250.881" classname="com.consoleregression.workflowtest.testcases.TestDomainRegistration2WorkflowForComAu"/>
</testsuite> <!-- com.consoleregression.workflowtest.testcases.TestDomainRegistration2WorkflowForComAu -->
