<?xml version="1.0" encoding="UTF-8"?>
<!-- Generated by org.testng.reporters.JUnitReportReporter -->
<testsuite skipped="0" hostname="MIT01524" name="com.newcartregression.testcases.TestExistingCustomerScenarioUsingNewCard" tests="1" failures="0" timestamp="21 Aug 2019 00:52:32 GMT" time="121.840" errors="0">
  <testcase name="testExistingCustomerScenarioUsingNewCard" time="121.840" classname="com.newcartregression.testcases.TestExistingCustomerScenarioUsingNewCard"/>
</testsuite> <!-- com.newcartregression.testcases.TestExistingCustomerScenarioUsingNewCard -->
