<?xml version="1.0" encoding="UTF-8"?>
<!-- Generated by org.testng.reporters.JUnitReportReporter -->
<testsuite skipped="0" hostname="MIT01524" name="com.paymentgateway.uat.tpp.testcases.RegressionSalesDB" tests="6" failures="0" timestamp="31 Jan 2019 02:13:17 GMT" time="339.566" errors="0">
  <testcase name="testPayInvoiceUsingExistingCardFromSalesDB" time="37.051" classname="com.paymentgateway.uat.tpp.testcases.RegressionSalesDB"/>
  <testcase name="testProductSetup2WorkflowInConsoleAdmin" time="65.619" classname="com.paymentgateway.uat.tpp.testcases.RegressionSalesDB"/>
  <testcase name="testCreateDomainAndMajorProductOrderInSalesDB" time="74.626" classname="com.paymentgateway.uat.tpp.testcases.RegressionSalesDB"/>
  <testcase name="testPaySingleInvoiceInConsoleAdmin" time="54.406" classname="com.paymentgateway.uat.tpp.testcases.RegressionSalesDB"/>
  <testcase name="testDomainRegistration2WorkflowInConsoleAdmin" time="66.081" classname="com.paymentgateway.uat.tpp.testcases.RegressionSalesDB"/>
  <testcase name="testRefundPaymentFromSalesDB" time="41.783" classname="com.paymentgateway.uat.tpp.testcases.RegressionSalesDB"/>
</testsuite> <!-- com.paymentgateway.uat.tpp.testcases.RegressionSalesDB -->
