<?xml version="1.0" encoding="UTF-8"?>
<!-- Generated by org.testng.reporters.JUnitReportReporter -->
<testsuite skipped="0" hostname="MIT01524" name="com.paymentgateway.uat.quest.webcentral.testcases.ConsoleAdminJourneyTest" tests="1" failures="0" timestamp="15 Oct 2018 00:25:26 GMT" time="26.071" errors="0">
  <testcase name="QuestWebCentral_VerifyViewBillingInConsoleAdmin" time="26.071" classname="com.paymentgateway.uat.quest.webcentral.testcases.ConsoleAdminJourneyTest"/>
</testsuite> <!-- com.paymentgateway.uat.quest.webcentral.testcases.ConsoleAdminJourneyTest -->
