<?xml version="1.0" encoding="UTF-8"?>
<!-- Generated by org.testng.reporters.JUnitReportReporter -->
<testsuite skipped="0" hostname="MIT01524" name="com.newcartregression.testcases.TestExistingCustomerScenarioUsingExistingCard" tests="1" failures="0" timestamp="19 Jul 2019 01:52:37 GMT" time="112.509" errors="0">
  <testcase name="testExistingCustomerScenarioUsingExistingCard" time="112.509" classname="com.newcartregression.testcases.TestExistingCustomerScenarioUsingExistingCard"/>
</testsuite> <!-- com.newcartregression.testcases.TestExistingCustomerScenarioUsingExistingCard -->
