<?xml version="1.0" encoding="UTF-8"?>
<!-- Generated by org.testng.reporters.JUnitReportReporter -->
<testsuite skipped="0" hostname="MIT01524" name="com.paymentgateway.uat.melbourneit.testcases.RegressionSalesDB" tests="3" failures="0" timestamp="31 Jan 2019 02:13:17 GMT" time="211.381" errors="0">
  <testcase name="testProductSetup2WorkflowInConsoleAdmin" time="64.630" classname="com.paymentgateway.uat.melbourneit.testcases.RegressionSalesDB"/>
  <testcase name="testCreateDomainAndMajorProductOrderInSalesDB" time="77.892" classname="com.paymentgateway.uat.melbourneit.testcases.RegressionSalesDB"/>
  <testcase name="testDomainRegistration2WorkflowInConsoleAdmin" time="68.859" classname="com.paymentgateway.uat.melbourneit.testcases.RegressionSalesDB"/>
</testsuite> <!-- com.paymentgateway.uat.melbourneit.testcases.RegressionSalesDB -->
