<?xml version="1.0" encoding="UTF-8"?>
<!-- Generated by org.testng.reporters.JUnitReportReporter -->
<testsuite skipped="0" hostname="MIT01524" name="com.consoleregression.testcases.production.SalesDBJourneyTest" tests="4" failures="0" timestamp="11 Jun 2019 23:39:16 GMT" time="220.151" errors="0">
  <testcase name="verify_ComAuDomain_Order_InSalesDB" time="35.677" classname="com.consoleregression.testcases.production.SalesDBJourneyTest"/>
  <testcase name="verify_NzDomain_Order_InSalesDB" time="34.924" classname="com.consoleregression.testcases.production.SalesDBJourneyTest"/>
  <testcase name="verify_NetDomain_and_DIFM_Order_InSalesDB" time="68.187" classname="com.consoleregression.testcases.production.SalesDBJourneyTest"/>
  <testcase name="verify_ComDomain_and_Office365_Order_InSalesDB" time="81.363" classname="com.consoleregression.testcases.production.SalesDBJourneyTest"/>
</testsuite> <!-- com.consoleregression.testcases.production.SalesDBJourneyTest -->
