<?xml version="1.0" encoding="UTF-8"?>
<!-- Generated by org.testng.reporters.JUnitReportReporter -->
<testsuite skipped="1" hostname="MIT01524" name="com.paymentgateway.uat.quest.webcentral.testcases.SalesDBJourneyTest" tests="2" failures="0" timestamp="15 Oct 2018 02:34:06 GMT" time="72.624" errors="0">
  <testcase name="QuestWebCentral_VerifyCreateOrderPaidViaInvoiceInSalesDB" time="72.624" classname="com.paymentgateway.uat.quest.webcentral.testcases.SalesDBJourneyTest"/>
  <testcase name="QuestWebCentral_VerifyCreateOrderPaidViaCreditCardInSalesDB" classname="com.paymentgateway.uat.quest.webcentral.testcases.SalesDBJourneyTest">
    <skipped/>
  </testcase> <!-- QuestWebCentral_VerifyCreateOrderPaidViaCreditCardInSalesDB -->
</testsuite> <!-- com.paymentgateway.uat.quest.webcentral.testcases.SalesDBJourneyTest -->
