<?xml version="1.0" encoding="UTF-8"?>
<!-- Generated by org.testng.reporters.JUnitReportReporter -->
<testsuite skipped="0" hostname="MIT01524" name="com.paymentgateway.ui.dmz.testcases.ConsoleAdminLoginPageTest" tests="5" failures="0" timestamp="19 Apr 2018 03:43:01 GMT" time="26.141" errors="0">
  <testcase name="loginPageAccessTest1" time="5.377" classname="com.paymentgateway.ui.dmz.testcases.ConsoleAdminLoginPageTest"/>
  <testcase name="submitButtonTest" time="4.464" classname="com.paymentgateway.ui.dmz.testcases.ConsoleAdminLoginPageTest"/>
  <testcase name="loginPageAccessTest2" time="6.002" classname="com.paymentgateway.ui.dmz.testcases.ConsoleAdminLoginPageTest"/>
  <testcase name="loginPageAccessTest3" time="5.275" classname="com.paymentgateway.ui.dmz.testcases.ConsoleAdminLoginPageTest"/>
  <testcase name="loginPageAccessTest3" time="5.023" classname="com.paymentgateway.ui.dmz.testcases.ConsoleAdminLoginPageTest"/>
</testsuite> <!-- com.paymentgateway.ui.dmz.testcases.ConsoleAdminLoginPageTest -->
