<?xml version="1.0" encoding="UTF-8"?>
<!-- Generated by org.testng.reporters.JUnitReportReporter -->
<testsuite skipped="0" hostname="MIT01524" name="com.consoleregression.testcases.production.SalesDBJourneyTest" tests="1" failures="0" timestamp="01 Aug 2019 23:38:50 GMT" time="101.880" errors="0">
  <testcase name="verify_ComDomain_and_Office365_Order_InSalesDB" time="101.880" classname="com.consoleregression.testcases.production.SalesDBJourneyTest"/>
</testsuite> <!-- com.consoleregression.testcases.production.SalesDBJourneyTest -->
