<?xml version="1.0" encoding="UTF-8"?>
<!-- Generated by org.testng.reporters.JUnitReportReporter -->
<testsuite skipped="0" hostname="MIT01524" name="com.paymentgateway.testdatacreation.testcases.NetregistryDataCreationTest" tests="3" failures="0" timestamp="25 Mar 2019 23:15:02 GMT" time="462.887" errors="0">
  <testcase name="createPropertyFileForDecryptedDataVerification" time="0.007" classname="com.paymentgateway.testdatacreation.testcases.NetregistryDataCreationTest"/>
  <testcase name="generateCustomerDataWithDefaultCreditCard" time="462.877" classname="com.paymentgateway.testdatacreation.testcases.NetregistryDataCreationTest"/>
  <testcase name="createTextFileForGreencodeAndCreditCardDetails" time="0.003" classname="com.paymentgateway.testdatacreation.testcases.NetregistryDataCreationTest"/>
</testsuite> <!-- com.paymentgateway.testdatacreation.testcases.NetregistryDataCreationTest -->
