<?xml version="1.0" encoding="UTF-8"?>
<!-- Generated by org.testng.reporters.JUnitReportReporter -->
<testsuite skipped="0" hostname="MIT01524" name="com.consoleregression.testcases.production.CustomerPortalJourneyTest" tests="2" failures="0" timestamp="16 Apr 2019 03:11:56 GMT" time="88.141" errors="0">
  <testcase name="verifyDomainandMultipleProductOrderForReturningCustomerInCustomerPortal" time="51.635" classname="com.consoleregression.testcases.production.CustomerPortalJourneyTest"/>
  <testcase name="verifyDomainRegistrationOrderForNewCustomerInCustomerPortal" time="36.506" classname="com.consoleregression.testcases.production.CustomerPortalJourneyTest"/>
</testsuite> <!-- com.consoleregression.testcases.production.CustomerPortalJourneyTest -->
