<?xml version="1.0" encoding="UTF-8"?>
<!-- Generated by org.testng.reporters.JUnitReportReporter -->
<testsuite skipped="0" hostname="MIT01524" name="com.consoleregression.testcases.production.SalesDBJourneyTest" tests="4" failures="0" timestamp="24 Jul 2019 00:37:32 GMT" time="238.887" errors="0">
  <testcase name="verify_ComAuDomain_Order_InSalesDB" time="42.434" classname="com.consoleregression.testcases.production.SalesDBJourneyTest"/>
  <testcase name="verify_NzDomain_Order_InSalesDB" time="39.546" classname="com.consoleregression.testcases.production.SalesDBJourneyTest"/>
  <testcase name="verify_NetDomain_and_DIFM_Order_InSalesDB" time="71.681" classname="com.consoleregression.testcases.production.SalesDBJourneyTest"/>
  <testcase name="verify_ComDomain_and_Office365_Order_InSalesDB" time="85.226" classname="com.consoleregression.testcases.production.SalesDBJourneyTest"/>
</testsuite> <!-- com.consoleregression.testcases.production.SalesDBJourneyTest -->
