<?xml version="1.0" encoding="UTF-8"?>
<!-- Generated by org.testng.reporters.JUnitReportReporter -->
<testsuite skipped="0" hostname="MIT01524" name="com.paymentgateway.uat.quest.dps.testcases.ConsoleAdminJourneyTest" tests="1" failures="0" timestamp="15 Oct 2018 00:30:51 GMT" time="25.488" errors="0">
  <testcase name="QuestDPS_VerifyViewBillingInConsoleAdmin" time="25.488" classname="com.paymentgateway.uat.quest.dps.testcases.ConsoleAdminJourneyTest"/>
</testsuite> <!-- com.paymentgateway.uat.quest.dps.testcases.ConsoleAdminJourneyTest -->
