<?xml version="1.0" encoding="UTF-8"?>
<!-- Generated by org.testng.reporters.JUnitReportReporter -->
<testsuite skipped="0" hostname="WC063317" name="com.consoleregression.testcases.SalesDBJourneyTest" tests="3" failures="0" timestamp="22 Jan 2020 04:59:16 GMT" time="218.068" errors="0">
  <testcase name="verify_NzDomain_Order_InSalesDB" time="57.918" classname="com.consoleregression.testcases.SalesDBJourneyTest"/>
  <testcase name="verify_ComAuDomain_Order_InSalesDB" time="57.981" classname="com.consoleregression.testcases.SalesDBJourneyTest"/>
  <testcase name="verify_NetDomain_and_DIFM_Order_InSalesDB" time="102.169" classname="com.consoleregression.testcases.SalesDBJourneyTest"/>
</testsuite> <!-- com.consoleregression.testcases.SalesDBJourneyTest -->
