<?xml version="1.0" encoding="UTF-8"?>
<!-- Generated by org.testng.reporters.JUnitReportReporter -->
<testsuite skipped="0" hostname="MIT01524" name="com.paymentgateway.stage.netregistry.testcases.RegressionNewShoppingCartTest" tests="1" failures="0" timestamp="21 May 2019 06:56:15 GMT" time="45.385" errors="0">
  <testcase name="testDomainOrderInNewShoppingCartForExistingBTCustomerUsingExistingCard" time="45.385" classname="com.paymentgateway.stage.netregistry.testcases.RegressionNewShoppingCartTest"/>
</testsuite> <!-- com.paymentgateway.stage.netregistry.testcases.RegressionNewShoppingCartTest -->
