<?xml version="1.0" encoding="UTF-8"?>
<!-- Generated by org.testng.reporters.JUnitReportReporter -->
<testsuite skipped="0" hostname="MIT01524" name="com.paymentgateway.uat.domainz.testcases.RegressionConsoleAdmin" tests="2" failures="0" timestamp="06 Feb 2019 03:29:37 GMT" time="60.102" errors="0">
  <testcase name="testViewBillingInConsoleAdmin" time="44.475" classname="com.paymentgateway.uat.domainz.testcases.RegressionConsoleAdmin"/>
  <testcase name="testUpdateExpiryInConsoleAdmin" time="15.627" classname="com.paymentgateway.uat.domainz.testcases.RegressionConsoleAdmin"/>
</testsuite> <!-- com.paymentgateway.uat.domainz.testcases.RegressionConsoleAdmin -->
