<?xml version="1.0" encoding="UTF-8"?>
<!-- Generated by org.testng.reporters.JUnitReportReporter -->
<testsuite skipped="0" hostname="WC060676" name="com.newcartregression.testcases.TestNewCustomerScenarioUsingNewCard" tests="1" failures="0" timestamp="16 Jan 2020 03:44:38 GMT" time="67.735" errors="0">
  <testcase name="testNewCustomerScenarioUsingNewCard" time="67.735" classname="com.newcartregression.testcases.TestNewCustomerScenarioUsingNewCard"/>
</testsuite> <!-- com.newcartregression.testcases.TestNewCustomerScenarioUsingNewCard -->
