<?xml version="1.0" encoding="UTF-8"?>
<!-- Generated by org.testng.reporters.JUnitReportReporter -->
<testsuite skipped="0" hostname="MIT01524" name="com.consoleregression.testcases.SalesDBJourneyTest" tests="1" failures="0" timestamp="15 Mar 2019 05:58:13 GMT" time="107.167" errors="0">
  <testcase name="verify_ComDomain_and_BasicCloudHostingOrder_InSalesDB" time="107.167" classname="com.consoleregression.testcases.SalesDBJourneyTest"/>
</testsuite> <!-- com.consoleregression.testcases.SalesDBJourneyTest -->
