<?xml version="1.0" encoding="UTF-8"?>
<!-- Generated by org.testng.reporters.JUnitReportReporter -->
<testsuite skipped="0" hostname="MIT01524" name="com.paymentgateway.uat.melbourneit.testcases.RegressionSalesDB" tests="3" failures="0" timestamp="09 Jan 2019 06:32:07 GMT" time="156.087" errors="0">
  <testcase name="testCreateDomainAndMajorProductOrderInSalesDB" time="75.679" classname="com.paymentgateway.uat.melbourneit.testcases.RegressionSalesDB"/>
  <testcase name="testDomainRegistration2WorkflowInConsoleAdmin" time="45.167" classname="com.paymentgateway.uat.melbourneit.testcases.RegressionSalesDB"/>
  <testcase name="testProductSetup2WorkflowInConsoleAdmin" time="35.241" classname="com.paymentgateway.uat.melbourneit.testcases.RegressionSalesDB"/>
</testsuite> <!-- com.paymentgateway.uat.melbourneit.testcases.RegressionSalesDB -->
