<?xml version="1.0" encoding="UTF-8"?>
<!-- Generated by org.testng.reporters.JUnitReportReporter -->
<testsuite skipped="0" hostname="MIT01524" name="com.paymentgateway.newshoppingcart.testcases.TestCaptchaForNewCustomerUsingNewCard" tests="1" failures="0" timestamp="22 May 2019 03:13:47 GMT" time="90.176" errors="0">
  <testcase name="testCaptchaForNewCustomerUsingNewCard" time="90.176" classname="com.paymentgateway.newshoppingcart.testcases.TestCaptchaForNewCustomerUsingNewCard"/>
</testsuite> <!-- com.paymentgateway.newshoppingcart.testcases.TestCaptchaForNewCustomerUsingNewCard -->
