<?xml version="1.0" encoding="UTF-8"?>
<!-- Generated by org.testng.reporters.JUnitReportReporter -->
<testsuite skipped="0" hostname="MIT01524" name="com.paymentgateway.uat.webcentral.testcases.RegressionSalesDB" tests="5" failures="0" timestamp="04 Feb 2019 01:57:45 GMT" time="380.685" errors="0">
  <testcase name="testRefundPaymentFromSalesDB" time="44.343" classname="com.paymentgateway.uat.webcentral.testcases.RegressionSalesDB"/>
  <testcase name="testProductSetup2WorkflowInConsoleAdmin" time="89.620" classname="com.paymentgateway.uat.webcentral.testcases.RegressionSalesDB"/>
  <testcase name="testCreateDomainAndMajorProductOrderInSalesDB" time="81.327" classname="com.paymentgateway.uat.webcentral.testcases.RegressionSalesDB"/>
  <testcase name="testPaySingleInvoiceInConsoleAdmin" time="78.465" classname="com.paymentgateway.uat.webcentral.testcases.RegressionSalesDB"/>
  <testcase name="testDomainRegistration2WorkflowInConsoleAdmin" time="86.930" classname="com.paymentgateway.uat.webcentral.testcases.RegressionSalesDB"/>
</testsuite> <!-- com.paymentgateway.uat.webcentral.testcases.RegressionSalesDB -->
