<?xml version="1.0" encoding="UTF-8"?>
<!-- Generated by org.testng.reporters.JUnitReportReporter -->
<testsuite skipped="0" hostname="MIT01524" name="com.consoleregression.testcases.production.SalesDBJourneyTest" tests="4" failures="0" timestamp="30 Apr 2019 00:36:30 GMT" time="217.747" errors="0">
  <testcase name="verify_ComDomain_and_Office365_Order_InSalesDB" time="81.863" classname="com.consoleregression.testcases.production.SalesDBJourneyTest"/>
  <testcase name="verify_ComAuDomain_Order_InSalesDB" time="33.940" classname="com.consoleregression.testcases.production.SalesDBJourneyTest"/>
  <testcase name="verify_NetDomain_and_DIFM_Order_InSalesDB" time="65.217" classname="com.consoleregression.testcases.production.SalesDBJourneyTest"/>
  <testcase name="verify_NzDomain_Order_InSalesDB" time="36.727" classname="com.consoleregression.testcases.production.SalesDBJourneyTest"/>
</testsuite> <!-- com.consoleregression.testcases.production.SalesDBJourneyTest -->
