<?xml version="1.0" encoding="UTF-8"?>
<!-- Generated by org.testng.reporters.JUnitReportReporter -->
<testsuite skipped="0" hostname="MIT01524" name="com.paymentgateway.uat.netregistry.testcases.RegressionSMUI" tests="5" failures="0" timestamp="04 Sep 2019 04:07:01 GMT" time="335.272" errors="0">
  <testcase name="testAddNewCreditCardInSMUI" time="87.703" classname="com.paymentgateway.uat.netregistry.testcases.RegressionSMUI"/>
  <testcase name="testRechargePrepaidUsingNewCardInSMUI" time="52.339" classname="com.paymentgateway.uat.netregistry.testcases.RegressionSMUI"/>
  <testcase name="testMakeCreditCardDefaultInSMUI" time="76.239" classname="com.paymentgateway.uat.netregistry.testcases.RegressionSMUI"/>
  <testcase name="testRechargePrepaidUsingExistingCardInSMUI" time="58.333" classname="com.paymentgateway.uat.netregistry.testcases.RegressionSMUI"/>
  <testcase name="testModifyExistingCreditCardInSMUI" time="60.658" classname="com.paymentgateway.uat.netregistry.testcases.RegressionSMUI"/>
</testsuite> <!-- com.paymentgateway.uat.netregistry.testcases.RegressionSMUI -->
