<?xml version="1.0" encoding="UTF-8"?>
<!-- Generated by org.testng.reporters.JUnitReportReporter -->
<testsuite skipped="0" hostname="MIT01524" name="com.paymentgateway.testdatacreation.testcases.DomainzDataCreationTest" tests="3" failures="0" timestamp="07 Feb 2019 06:14:04 GMT" time="342.013" errors="0">
  <testcase name="createPropertyFileForDecryptedDataVerification" time="0.012" classname="com.paymentgateway.testdatacreation.testcases.DomainzDataCreationTest"/>
  <testcase name="generateCustomerDataWithDomainRegistrationAndEnableAutoRenew" time="341.991" classname="com.paymentgateway.testdatacreation.testcases.DomainzDataCreationTest"/>
  <testcase name="createTextFileForGreencodeAndCreditCardDetails" time="0.010" classname="com.paymentgateway.testdatacreation.testcases.DomainzDataCreationTest"/>
</testsuite> <!-- com.paymentgateway.testdatacreation.testcases.DomainzDataCreationTest -->
