<?xml version="1.0" encoding="UTF-8"?>
<!-- Generated by org.testng.reporters.JUnitReportReporter -->
<testsuite skipped="0" hostname="MIT01524" name="com.paymentgateway.testdatacreation.testcases.NetregistryDataCreationTest" tests="3" failures="0" timestamp="22 Mar 2019 01:00:40 GMT" time="1955.109" errors="0">
  <testcase name="createPropertyFileForDecryptedDataVerification" time="0.009" classname="com.paymentgateway.testdatacreation.testcases.NetregistryDataCreationTest"/>
  <testcase name="generateCustomerDataWithDomainRegistrationAndEnableAutoRenew" time="1955.097" classname="com.paymentgateway.testdatacreation.testcases.NetregistryDataCreationTest"/>
  <testcase name="createTextFileForGreencodeAndCreditCardDetails" time="0.003" classname="com.paymentgateway.testdatacreation.testcases.NetregistryDataCreationTest"/>
</testsuite> <!-- com.paymentgateway.testdatacreation.testcases.NetregistryDataCreationTest -->
