<?xml version="1.0" encoding="UTF-8"?>
<!-- Generated by org.testng.reporters.JUnitReportReporter -->
<testsuite skipped="0" hostname="MIT01524" name="com.paymentgateway.uat.webcentral.testcases.RegressionSalesDB" tests="5" failures="0" timestamp="31 Jan 2019 02:13:17 GMT" time="305.637" errors="0">
  <testcase name="testPaySingleInvoiceInConsoleAdmin" time="52.475" classname="com.paymentgateway.uat.webcentral.testcases.RegressionSalesDB"/>
  <testcase name="testRefundPaymentFromSalesDB" time="41.923" classname="com.paymentgateway.uat.webcentral.testcases.RegressionSalesDB"/>
  <testcase name="testProductSetup2WorkflowInConsoleAdmin" time="62.245" classname="com.paymentgateway.uat.webcentral.testcases.RegressionSalesDB"/>
  <testcase name="testCreateDomainAndMajorProductOrderInSalesDB" time="73.971" classname="com.paymentgateway.uat.webcentral.testcases.RegressionSalesDB"/>
  <testcase name="testDomainRegistration2WorkflowInConsoleAdmin" time="75.023" classname="com.paymentgateway.uat.webcentral.testcases.RegressionSalesDB"/>
</testsuite> <!-- com.paymentgateway.uat.webcentral.testcases.RegressionSalesDB -->
