<?xml version="1.0" encoding="UTF-8"?>
<!-- Generated by org.testng.reporters.JUnitReportReporter -->
<testsuite skipped="0" hostname="MIT01524" name="com.paymentgateway.uat.dps.testcases.RegressionSalesDB" tests="6" failures="0" timestamp="17 Feb 2019 06:07:56 GMT" time="422.818" errors="0">
  <testcase name="testPaySingleInvoiceInConsoleAdmin" time="77.507" classname="com.paymentgateway.uat.dps.testcases.RegressionSalesDB"/>
  <testcase name="testPayInvoiceUsingExistingCardFromSalesDB" time="40.517" classname="com.paymentgateway.uat.dps.testcases.RegressionSalesDB"/>
  <testcase name="testRefundPaymentFromSalesDB" time="43.993" classname="com.paymentgateway.uat.dps.testcases.RegressionSalesDB"/>
  <testcase name="testDomainRegistration2WorkflowInConsoleAdmin" time="82.008" classname="com.paymentgateway.uat.dps.testcases.RegressionSalesDB"/>
  <testcase name="testCreateDomainAndMajorProductOrderInSalesDB" time="84.585" classname="com.paymentgateway.uat.dps.testcases.RegressionSalesDB"/>
  <testcase name="testProductSetup2WorkflowInConsoleAdmin" time="94.208" classname="com.paymentgateway.uat.dps.testcases.RegressionSalesDB"/>
</testsuite> <!-- com.paymentgateway.uat.dps.testcases.RegressionSalesDB -->
