<?xml version="1.0" encoding="UTF-8"?>
<!-- Generated by org.testng.reporters.JUnitReportReporter -->
<testsuite skipped="0" hostname="MIT01524" name="com.consoleregression.workflowtest.testcases.TestDomainRegistration2WorkflowForOrg" tests="1" failures="0" timestamp="15 Jul 2019 02:05:41 GMT" time="374.276" errors="0">
  <testcase name="testDomainRegistration2WorkflowForOrg" time="374.276" classname="com.consoleregression.workflowtest.testcases.TestDomainRegistration2WorkflowForOrg"/>
</testsuite> <!-- com.consoleregression.workflowtest.testcases.TestDomainRegistration2WorkflowForOrg -->
