<?xml version="1.0" encoding="UTF-8"?>
<!-- Generated by org.testng.reporters.JUnitReportReporter -->
<testsuite skipped="2" hostname="MIT01524" name="com.consoleregression.testcases.SalesDBJourneyTest" tests="3" failures="0" timestamp="19 Feb 2019 06:16:41 GMT" time="82.385" errors="0">
  <testcase name="verify_NetDomain_and_DIFM_Order_InSalesDB" time="82.385" classname="com.consoleregression.testcases.SalesDBJourneyTest"/>
  <testcase name="verify_ComAuDomain_Order_InSalesDB" classname="com.consoleregression.testcases.SalesDBJourneyTest">
    <skipped/>
  </testcase> <!-- verify_ComAuDomain_Order_InSalesDB -->
  <testcase name="verify_ComDomain_and_BasicCloudHostingOrder_InSalesDB" classname="com.consoleregression.testcases.SalesDBJourneyTest">
    <skipped/>
  </testcase> <!-- verify_ComDomain_and_BasicCloudHostingOrder_InSalesDB -->
</testsuite> <!-- com.consoleregression.testcases.SalesDBJourneyTest -->
