<?xml version="1.0" encoding="UTF-8"?>
<!-- Generated by org.testng.reporters.JUnitReportReporter -->
<testsuite skipped="0" hostname="MIT01524" name="com.paymentgateway.uat.domainz.testcases.RegressionSMUI" tests="1" failures="0" timestamp="06 Aug 2019 07:21:15 GMT" time="48.829" errors="0">
  <testcase name="testMakeCreditCardDefaultInSMUI" time="48.829" classname="com.paymentgateway.uat.domainz.testcases.RegressionSMUI"/>
</testsuite> <!-- com.paymentgateway.uat.domainz.testcases.RegressionSMUI -->
