<?xml version="1.0" encoding="UTF-8"?>
<!-- Generated by org.testng.reporters.JUnitReportReporter -->
<testsuite skipped="6" hostname="MIT01524" name="com.paymentgateway.uat.webcentral.testcases.RegressionTest" tests="8" failures="0" timestamp="22 Nov 2018 06:30:06 GMT" time="40.198" errors="0">
  <testcase name="testViewBillingInConsoleAdmin" time="25.661" classname="com.paymentgateway.uat.webcentral.testcases.RegressionTest"/>
  <testcase name="testUpdateExpiryInConsoleAdmin" time="14.537" classname="com.paymentgateway.uat.webcentral.testcases.RegressionTest"/>
  <testcase name="testCreateDomainAndMajorProductOrderInSalesDB" classname="com.paymentgateway.uat.webcentral.testcases.RegressionTest">
    <skipped/>
  </testcase> <!-- testCreateDomainAndMajorProductOrderInSalesDB -->
  <testcase name="testPayingSingleInvoiceInConsoleAdmin" classname="com.paymentgateway.uat.webcentral.testcases.RegressionTest">
    <skipped/>
  </testcase> <!-- testPayingSingleInvoiceInConsoleAdmin -->
  <testcase name="testRefundPaymentInSalesDB" classname="com.paymentgateway.uat.webcentral.testcases.RegressionTest">
    <skipped/>
  </testcase> <!-- testRefundPaymentInSalesDB -->
  <testcase name="testPayInvoiceUsingExistingCardFromSalesDB" classname="com.paymentgateway.uat.webcentral.testcases.RegressionTest">
    <skipped/>
  </testcase> <!-- testPayInvoiceUsingExistingCardFromSalesDB -->
  <testcase name="testProductSetup2WorkflowInConsoleAdmin" classname="com.paymentgateway.uat.webcentral.testcases.RegressionTest">
    <skipped/>
  </testcase> <!-- testProductSetup2WorkflowInConsoleAdmin -->
  <testcase name="testDomainRegistration2WorkflowInConsoleAdmin" classname="com.paymentgateway.uat.webcentral.testcases.RegressionTest">
    <skipped/>
  </testcase> <!-- testDomainRegistration2WorkflowInConsoleAdmin -->
</testsuite> <!-- com.paymentgateway.uat.webcentral.testcases.RegressionTest -->
