<?xml version="1.0" encoding="UTF-8"?>
<!-- Generated by org.testng.reporters.JUnitReportReporter -->
<testsuite skipped="0" hostname="MIT01524" name="com.newcartregression.testcases.TestNewCustomerScenarioUsingNewCard" tests="1" failures="0" timestamp="24 Jul 2019 01:21:40 GMT" time="75.907" errors="0">
  <testcase name="testNewCustomerScenarioUsingNewCard" time="75.907" classname="com.newcartregression.testcases.TestNewCustomerScenarioUsingNewCard"/>
</testsuite> <!-- com.newcartregression.testcases.TestNewCustomerScenarioUsingNewCard -->
