<?xml version="1.0" encoding="UTF-8"?>
<!-- Generated by org.testng.reporters.JUnitReportReporter -->
<testsuite skipped="1" hostname="MIT01524" name="com.paymentgateway.uat.quest.dps.testcases.SalesDBJourneyTest" tests="2" failures="0" timestamp="15 Oct 2018 02:34:06 GMT" time="72.343" errors="0">
  <testcase name="QuestDPS_VerifyCreateOrderPaidViaInvoiceInSalesDB" time="72.343" classname="com.paymentgateway.uat.quest.dps.testcases.SalesDBJourneyTest"/>
  <testcase name="QuestDPS_VerifyCreateOrderPaidViaCreditCardInSalesDB" classname="com.paymentgateway.uat.quest.dps.testcases.SalesDBJourneyTest">
    <skipped/>
  </testcase> <!-- QuestDPS_VerifyCreateOrderPaidViaCreditCardInSalesDB -->
</testsuite> <!-- com.paymentgateway.uat.quest.dps.testcases.SalesDBJourneyTest -->
