<?xml version="1.0" encoding="UTF-8"?>
<!-- Generated by org.testng.reporters.JUnitReportReporter -->
<testsuite skipped="0" hostname="MIT01524" name="com.paymentgateway.testdatacreation.testcases.NetregistryDataCreationTest" tests="3" failures="0" timestamp="03 Jul 2019 23:26:28 GMT" time="1212.119" errors="0">
  <testcase name="generateCustomerDataWithMonthlyBillingProduct" time="1212.093" classname="com.paymentgateway.testdatacreation.testcases.NetregistryDataCreationTest"/>
  <testcase name="createPropertyFileForDecryptedDataVerification" time="0.015" classname="com.paymentgateway.testdatacreation.testcases.NetregistryDataCreationTest"/>
  <testcase name="createTextFileForGreencodeAndCreditCardDetails" time="0.011" classname="com.paymentgateway.testdatacreation.testcases.NetregistryDataCreationTest"/>
</testsuite> <!-- com.paymentgateway.testdatacreation.testcases.NetregistryDataCreationTest -->
