<?xml version="1.0" encoding="UTF-8"?>
<!-- Generated by org.testng.reporters.JUnitReportReporter -->
<testsuite skipped="0" hostname="MIT01524" name="com.consoleregression.testcases.production.CustomerPortalJourneyTest" tests="2" failures="0" timestamp="27 May 2019 23:55:23 GMT" time="113.942" errors="0">
  <testcase name="verifyDomainandMultipleProductOrderForReturningCustomerInCustomerPortal" time="62.073" classname="com.consoleregression.testcases.production.CustomerPortalJourneyTest"/>
  <testcase name="verifyDomainRegistrationOrderForNewCustomerInCustomerPortal" time="51.869" classname="com.consoleregression.testcases.production.CustomerPortalJourneyTest"/>
</testsuite> <!-- com.consoleregression.testcases.production.CustomerPortalJourneyTest -->
