<?xml version="1.0" encoding="UTF-8"?>
<!-- Generated by org.testng.reporters.JUnitReportReporter -->
<testsuite skipped="0" hostname="MIT01524" name="com.consoleregression.testcases.SalesDBJourneyTest" tests="4" failures="0" timestamp="02 Sep 2019 07:02:41 GMT" time="1636.098" errors="0">
  <testcase name="verify_ComAuDomain_Order_InSalesDB" time="282.994" classname="com.consoleregression.testcases.SalesDBJourneyTest"/>
  <testcase name="verify_NzDomain_Order_InSalesDB" time="268.993" classname="com.consoleregression.testcases.SalesDBJourneyTest"/>
  <testcase name="verify_ComDomain_and_BasicCloudHostingOrder_InSalesDB" time="551.704" classname="com.consoleregression.testcases.SalesDBJourneyTest"/>
  <testcase name="verify_NetDomain_and_DIFM_Order_InSalesDB" time="532.407" classname="com.consoleregression.testcases.SalesDBJourneyTest"/>
</testsuite> <!-- com.consoleregression.testcases.SalesDBJourneyTest -->
