<?xml version="1.0" encoding="UTF-8"?>
<!-- Generated by org.testng.reporters.JUnitReportReporter -->
<testsuite skipped="0" hostname="MIT01524" name="com.newcartregression.testcases.TestExistingCustomerScenarioUsingNewCard" tests="1" failures="0" timestamp="24 Jul 2019 01:21:40 GMT" time="118.178" errors="0">
  <testcase name="testExistingCustomerScenarioUsingNewCard" time="118.178" classname="com.newcartregression.testcases.TestExistingCustomerScenarioUsingNewCard"/>
</testsuite> <!-- com.newcartregression.testcases.TestExistingCustomerScenarioUsingNewCard -->
