<?xml version="1.0" encoding="UTF-8"?>
<!-- Generated by org.testng.reporters.JUnitReportReporter -->
<testsuite skipped="0" hostname="MIT01524" name="com.consoleregression.testcases.production.CustomerPortalJourneyTest" tests="2" failures="0" timestamp="14 May 2019 00:15:56 GMT" time="118.857" errors="0">
  <testcase name="verifyDomainandMultipleProductOrderForReturningCustomerInCustomerPortal" time="67.048" classname="com.consoleregression.testcases.production.CustomerPortalJourneyTest"/>
  <testcase name="verifyDomainRegistrationOrderForNewCustomerInCustomerPortal" time="51.809" classname="com.consoleregression.testcases.production.CustomerPortalJourneyTest"/>
</testsuite> <!-- com.consoleregression.testcases.production.CustomerPortalJourneyTest -->
