<?xml version="1.0" encoding="UTF-8"?>
<!-- Generated by org.testng.reporters.JUnitReportReporter -->
<testsuite skipped="0" hostname="MIT01524" name="com.paymentgateway.migration.braintreepostvalidation.testcases.DomainzBTPostValidationTest" tests="1" failures="0" timestamp="15 Feb 2019 05:56:39 GMT" time="1080.429" errors="0">
  <testcase name="testMigratedCustomerInDomainRegistrationAndEnableAutoRenew" time="1080.429" classname="com.paymentgateway.migration.braintreepostvalidation.testcases.DomainzBTPostValidationTest"/>
</testsuite> <!-- com.paymentgateway.migration.braintreepostvalidation.testcases.DomainzBTPostValidationTest -->
