<?xml version="1.0" encoding="UTF-8"?>
<!-- Generated by org.testng.reporters.JUnitReportReporter -->
<testsuite skipped="0" hostname="MIT01524" name="com.paymentgateway.testdatacreation.testcases.NetregistryDataCreationTest" tests="3" failures="0" timestamp="22 Mar 2019 05:49:07 GMT" time="692.913" errors="0">
  <testcase name="createTextFileForGreencodeAndCreditCardDetails" time="0.008" classname="com.paymentgateway.testdatacreation.testcases.NetregistryDataCreationTest"/>
  <testcase name="generateCustomerDataWithDomainRegistrationAndEnableAutoRenew" time="692.893" classname="com.paymentgateway.testdatacreation.testcases.NetregistryDataCreationTest"/>
  <testcase name="createPropertyFileForDecryptedDataVerification" time="0.012" classname="com.paymentgateway.testdatacreation.testcases.NetregistryDataCreationTest"/>
</testsuite> <!-- com.paymentgateway.testdatacreation.testcases.NetregistryDataCreationTest -->
