<?xml version="1.0" encoding="UTF-8"?>
<!-- Generated by org.testng.reporters.JUnitReportReporter -->
<testsuite skipped="0" hostname="MIT01524" name="com.consoleregression.testcases.SalesDBJourneyTest" tests="2" failures="0" timestamp="02 May 2019 06:52:02 GMT" time="761.588" errors="0">
  <testcase name="verify_ComDomain_and_BasicCloudHostingOrder_InSalesDB" time="504.621" classname="com.consoleregression.testcases.SalesDBJourneyTest"/>
  <testcase name="verify_NzDomain_Order_InSalesDB" time="256.967" classname="com.consoleregression.testcases.SalesDBJourneyTest"/>
</testsuite> <!-- com.consoleregression.testcases.SalesDBJourneyTest -->
