<?xml version="1.0" encoding="UTF-8"?>
<!-- Generated by org.testng.reporters.JUnitReportReporter -->
<testsuite skipped="0" hostname="MIT01524" name="com.paymentgateway.testdatacreation.testcases.DomainzDataCreationTest" tests="3" failures="0" timestamp="03 Feb 2019 23:21:32 GMT" time="872.465" errors="0">
  <testcase name="generateCustomerDataWithYearlyBillingProduct" time="872.454" classname="com.paymentgateway.testdatacreation.testcases.DomainzDataCreationTest"/>
  <testcase name="createTextFileForGreencodeAndCreditCardDetails" time="0.004" classname="com.paymentgateway.testdatacreation.testcases.DomainzDataCreationTest"/>
  <testcase name="createPropertyFileForDecryptedDataVerification" time="0.007" classname="com.paymentgateway.testdatacreation.testcases.DomainzDataCreationTest"/>
</testsuite> <!-- com.paymentgateway.testdatacreation.testcases.DomainzDataCreationTest -->
