<?xml version="1.0" encoding="UTF-8"?>
<!-- Generated by org.testng.reporters.JUnitReportReporter -->
<testsuite skipped="0" hostname="MIT01524" name="com.consoleregression.workflowtest.testcases.TestDomainRegistration2WorkflowForComAu" tests="1" failures="0" timestamp="15 Jul 2019 02:05:41 GMT" time="325.122" errors="0">
  <testcase name="testDomainRegistration2WorkflowForComAu" time="325.122" classname="com.consoleregression.workflowtest.testcases.TestDomainRegistration2WorkflowForComAu"/>
</testsuite> <!-- com.consoleregression.workflowtest.testcases.TestDomainRegistration2WorkflowForComAu -->
