<?xml version="1.0" encoding="UTF-8"?>
<!-- Generated by org.testng.reporters.JUnitReportReporter -->
<testsuite skipped="0" hostname="MIT01524" name="com.paymentgateway.uat.netregistry.testcases.RegressionConsoleAdmin" tests="2" failures="0" timestamp="04 Sep 2019 04:07:01 GMT" time="172.804" errors="0">
  <testcase name="testViewBillingInConsoleAdmin" time="148.612" classname="com.paymentgateway.uat.netregistry.testcases.RegressionConsoleAdmin"/>
  <testcase name="testUpdateExpiryInConsoleAdmin" time="24.192" classname="com.paymentgateway.uat.netregistry.testcases.RegressionConsoleAdmin"/>
</testsuite> <!-- com.paymentgateway.uat.netregistry.testcases.RegressionConsoleAdmin -->
