<?xml version="1.0" encoding="UTF-8"?>
<!-- Generated by org.testng.reporters.JUnitReportReporter -->
<testsuite skipped="0" hostname="MIT01524" name="com.paymentgateway.ui.dmz.testcases.DomainzPG69CartTest" tests="8" failures="0" timestamp="08 Jun 2018 05:56:42 GMT" time="188.512" errors="0">
  <testcase name="PG69_verifyBTFormFieldsUsingValidVisaCard" time="26.677" classname="com.paymentgateway.ui.dmz.testcases.DomainzPG69CartTest"/>
  <testcase name="PG69_verifyBTFormFieldsUsingValidMasterCard" time="23.303" classname="com.paymentgateway.ui.dmz.testcases.DomainzPG69CartTest"/>
  <testcase name="PG69_verifyBTCardOwnerFieldUsingAlphaNumericCharacters" time="22.337" classname="com.paymentgateway.ui.dmz.testcases.DomainzPG69CartTest"/>
  <testcase name="PG69_verifyBTCardOwnerFieldUsingSpecialCharacters" time="23.649" classname="com.paymentgateway.ui.dmz.testcases.DomainzPG69CartTest"/>
  <testcase name="PG69_verifyBTCardOwnerFieldUsingFullStopAndSpaces" time="23.431" classname="com.paymentgateway.ui.dmz.testcases.DomainzPG69CartTest"/>
  <testcase name="PG69_verifyBTCardOwnerFieldUsing26CharactersMaximumLength" time="23.046" classname="com.paymentgateway.ui.dmz.testcases.DomainzPG69CartTest"/>
  <testcase name="PG69_verifyBTCardNumberFieldUsingLessThan16Digits" time="22.363" classname="com.paymentgateway.ui.dmz.testcases.DomainzPG69CartTest"/>
  <testcase name="PG69_verifyBTCardNumberFieldUsingMoreThan16Digits" time="23.706" classname="com.paymentgateway.ui.dmz.testcases.DomainzPG69CartTest"/>
</testsuite> <!-- com.paymentgateway.ui.dmz.testcases.DomainzPG69CartTest -->
