<?xml version="1.0" encoding="UTF-8"?>
<!-- Generated by org.testng.reporters.JUnitReportReporter -->
<testsuite skipped="0" hostname="MIT01524" name="com.newcartregression.testcases.TestExistingCustomerScenarioUsingNewCard" tests="1" failures="0" timestamp="18 Jul 2019 02:58:13 GMT" time="100.997" errors="0">
  <testcase name="testExistingCustomerScenarioUsingNewCard" time="100.997" classname="com.newcartregression.testcases.TestExistingCustomerScenarioUsingNewCard"/>
</testsuite> <!-- com.newcartregression.testcases.TestExistingCustomerScenarioUsingNewCard -->
