<?xml version="1.0" encoding="UTF-8"?>
<!-- Generated by org.testng.reporters.JUnitReportReporter -->
<testsuite skipped="0" hostname="MIT01524" name="com.consoleregression.workflowtest.testcases.TestDomainRegistration2WorkflowForCom" tests="1" failures="0" timestamp="28 May 2019 07:33:26 GMT" time="300.007" errors="0">
  <testcase name="testDomainRegistration2WorkflowForCom" time="300.007" classname="com.consoleregression.workflowtest.testcases.TestDomainRegistration2WorkflowForCom"/>
</testsuite> <!-- com.consoleregression.workflowtest.testcases.TestDomainRegistration2WorkflowForCom -->
