<?xml version="1.0" encoding="UTF-8"?>
<!-- Generated by org.testng.reporters.JUnitReportReporter -->
<testsuite skipped="0" hostname="MIT01524" name="com.paymentgateway.newshoppingcart.testcases.TestCaptchaForExistingCustomerUsingNewCard" tests="1" failures="0" timestamp="18 Jul 2019 00:20:21 GMT" time="104.090" errors="0">
  <testcase name="testCaptchaForExistingCustomerUsingNewCard" time="104.090" classname="com.paymentgateway.newshoppingcart.testcases.TestCaptchaForExistingCustomerUsingNewCard"/>
</testsuite> <!-- com.paymentgateway.newshoppingcart.testcases.TestCaptchaForExistingCustomerUsingNewCard -->
