<?xml version="1.0" encoding="UTF-8"?>
<!-- Generated by org.testng.reporters.JUnitReportReporter -->
<testsuite skipped="1" hostname="MIT01524" name="com.paymentgateway.uat.quest.tppwholesale.testcases.SalesDBJourneyTest" tests="2" failures="0" timestamp="15 Oct 2018 02:34:06 GMT" time="73.541" errors="0">
  <testcase name="QuestTPPWholesale_VerifyCreateOrderPaidViaInvoiceInSalesDB" time="73.541" classname="com.paymentgateway.uat.quest.tppwholesale.testcases.SalesDBJourneyTest"/>
  <testcase name="QuestTPPWholesale_VerifyCreateOrderPaidViaPrepaidCardInSalesDB" classname="com.paymentgateway.uat.quest.tppwholesale.testcases.SalesDBJourneyTest">
    <skipped/>
  </testcase> <!-- QuestTPPWholesale_VerifyCreateOrderPaidViaPrepaidCardInSalesDB -->
</testsuite> <!-- com.paymentgateway.uat.quest.tppwholesale.testcases.SalesDBJourneyTest -->
