<?xml version="1.0" encoding="UTF-8"?>
<!-- Generated by org.testng.reporters.JUnitReportReporter -->
<testsuite skipped="0" hostname="MIT01524" name="com.consoleregression.workflowtest.testcases.TestDomainRegistration2WorkflowForComAu" tests="1" failures="1" timestamp="30 Jul 2019 07:45:40 GMT" time="348.663" errors="0">
  <testcase name="testDomainRegistration2WorkflowForComAu" time="348.663" classname="com.consoleregression.workflowtest.testcases.TestDomainRegistration2WorkflowForComAu">
    <failure type="java.lang.AssertionError" message="operator check fraud expected [domain registration completed] but found [operator check fraud]">
      <![CDATA[java.lang.AssertionError: operator check fraud expected [domain registration completed] but found [operator check fraud]
at org.testng.Assert.fail(Assert.java:96)
at org.testng.Assert.failNotEquals(Assert.java:776)
at org.testng.Assert.assertEqualsImpl(Assert.java:137)
at org.testng.Assert.assertEquals(Assert.java:118)
at org.testng.Assert.assertEquals(Assert.java:453)
at com.consoleregression.workflowtest.testcases.TestDomainRegistration2WorkflowForComAu.testDomainRegistration2WorkflowForComAu(TestDomainRegistration2WorkflowForComAu.java:131)
at sun.reflect.NativeMethodAccessorImpl.invoke0(Native Method)
at sun.reflect.NativeMethodAccessorImpl.invoke(Unknown Source)
at sun.reflect.DelegatingMethodAccessorImpl.invoke(Unknown Source)
at java.lang.reflect.Method.invoke(Unknown Source)
at org.testng.internal.MethodInvocationHelper.invokeMethod(MethodInvocationHelper.java:124)
at org.testng.internal.Invoker.invokeMethod(Invoker.java:583)
at org.testng.internal.Invoker.invokeTestMethod(Invoker.java:719)
at org.testng.internal.Invoker.invokeTestMethods(Invoker.java:989)
at org.testng.internal.TestMethodWorker.invokeTestMethods(TestMethodWorker.java:125)
at org.testng.internal.TestMethodWorker.run(TestMethodWorker.java:109)
at org.testng.TestRunner.privateRun(TestRunner.java:648)
at org.testng.TestRunner.run(TestRunner.java:505)
at org.testng.SuiteRunner.runTest(SuiteRunner.java:455)
at org.testng.SuiteRunner.access$000(SuiteRunner.java:40)
at org.testng.SuiteRunner$SuiteWorker.run(SuiteRunner.java:489)
at org.testng.internal.thread.ThreadUtil$1.call(ThreadUtil.java:52)
at java.util.concurrent.FutureTask.run(Unknown Source)
at java.util.concurrent.ThreadPoolExecutor.runWorker(Unknown Source)
at java.util.concurrent.ThreadPoolExecutor$Worker.run(Unknown Source)
at java.lang.Thread.run(Unknown Source)
]]>
    </failure>
  </testcase> <!-- testDomainRegistration2WorkflowForComAu -->
</testsuite> <!-- com.consoleregression.workflowtest.testcases.TestDomainRegistration2WorkflowForComAu -->
