<?xml version="1.0" encoding="UTF-8"?>
<!-- Generated by org.testng.reporters.JUnitReportReporter -->
<testsuite skipped="0" hostname="MIT01524" name="com.paymentgateway.uat.netregistry.testcases.RegressionSalesDB" tests="6" failures="0" timestamp="06 Feb 2019 04:29:17 GMT" time="422.115" errors="0">
  <testcase name="testDomainRegistration2WorkflowInConsoleAdmin" time="85.879" classname="com.paymentgateway.uat.netregistry.testcases.RegressionSalesDB"/>
  <testcase name="testCreateDomainAndMajorProductOrderInSalesDB" time="81.368" classname="com.paymentgateway.uat.netregistry.testcases.RegressionSalesDB"/>
  <testcase name="testPayInvoiceUsingExistingCardFromSalesDB" time="37.493" classname="com.paymentgateway.uat.netregistry.testcases.RegressionSalesDB"/>
  <testcase name="testRefundPaymentFromSalesDB" time="42.073" classname="com.paymentgateway.uat.netregistry.testcases.RegressionSalesDB"/>
  <testcase name="testPaySingleInvoiceInConsoleAdmin" time="80.680" classname="com.paymentgateway.uat.netregistry.testcases.RegressionSalesDB"/>
  <testcase name="testProductSetup2WorkflowInConsoleAdmin" time="94.622" classname="com.paymentgateway.uat.netregistry.testcases.RegressionSalesDB"/>
</testsuite> <!-- com.paymentgateway.uat.netregistry.testcases.RegressionSalesDB -->
