<?xml version="1.0" encoding="UTF-8"?>
<!-- Generated by org.testng.reporters.JUnitReportReporter -->
<testsuite skipped="0" hostname="MIT01524" name="com.paymentgateway.uat.netregistry.testcases.RegressionSalesDB" tests="1" failures="0" timestamp="06 Feb 2019 02:47:08 GMT" time="81.985" errors="0">
  <testcase name="testCreateDomainAndMajorProductOrderInSalesDB" time="81.985" classname="com.paymentgateway.uat.netregistry.testcases.RegressionSalesDB"/>
</testsuite> <!-- com.paymentgateway.uat.netregistry.testcases.RegressionSalesDB -->
