<?xml version="1.0" encoding="UTF-8"?>
<!-- Generated by org.testng.reporters.JUnitReportReporter -->
<testsuite skipped="0" hostname="MIT01524" name="com.paymentgateway.migration.braintreepostvalidation.testcases.DomainzBTPostValidationTest" tests="1" failures="0" timestamp="30 Jan 2019 04:29:46 GMT" time="118.677" errors="0">
  <testcase name="testMigratedCustomerInDomainRegistrationAndEnableAutoRenew" time="118.677" classname="com.paymentgateway.migration.braintreepostvalidation.testcases.DomainzBTPostValidationTest"/>
</testsuite> <!-- com.paymentgateway.migration.braintreepostvalidation.testcases.DomainzBTPostValidationTest -->
