<?xml version="1.0" encoding="UTF-8"?>
<!-- Generated by org.testng.reporters.JUnitReportReporter -->
<testsuite skipped="0" hostname="MIT01524" name="com.paymentgateway.uat.domainz.testcases.RegressionConsoleAdmin" tests="2" failures="0" timestamp="02 May 2019 05:57:09 GMT" time="167.421" errors="0">
  <testcase name="testViewBillingInConsoleAdmin" time="150.493" classname="com.paymentgateway.uat.domainz.testcases.RegressionConsoleAdmin"/>
  <testcase name="testUpdateExpiryInConsoleAdmin" time="16.928" classname="com.paymentgateway.uat.domainz.testcases.RegressionConsoleAdmin"/>
</testsuite> <!-- com.paymentgateway.uat.domainz.testcases.RegressionConsoleAdmin -->
