<?xml version="1.0" encoding="UTF-8"?>
<!-- Generated by org.testng.reporters.JUnitReportReporter -->
<testsuite skipped="4" hostname="MIT01524" name="com.paymentgateway.ui.dmz.testcases.DomainRegistrationPreAuthTest" tests="5" failures="0" timestamp="04 May 2018 04:24:48 GMT" time="6.996" errors="1">
  <testcase name="setUp" time="6.996" classname="com.paymentgateway.ui.dmz.testcases.DomainRegistrationPreAuthTest">
    <error type="java.lang.NullPointerException">
      <![CDATA[java.lang.NullPointerException
at com.domainzwebsite.pages.DMZOnlineOrderPage.tickTld(DMZOnlineOrderPage.java:38)
at com.paymentgateway.ui.dmz.testcases.DomainRegistrationPreAuthTest.setUp(DomainRegistrationPreAuthTest.java:50)
at sun.reflect.NativeMethodAccessorImpl.invoke0(Native Method)
at sun.reflect.NativeMethodAccessorImpl.invoke(Unknown Source)
at sun.reflect.DelegatingMethodAccessorImpl.invoke(Unknown Source)
at java.lang.reflect.Method.invoke(Unknown Source)
at org.testng.internal.MethodInvocationHelper.invokeMethod(MethodInvocationHelper.java:124)
at org.testng.internal.MethodInvocationHelper.invokeMethodConsideringTimeout(MethodInvocationHelper.java:59)
at org.testng.internal.Invoker.invokeConfigurationMethod(Invoker.java:458)
at org.testng.internal.Invoker.invokeConfigurations(Invoker.java:222)
at org.testng.internal.Invoker.invokeMethod(Invoker.java:523)
at org.testng.internal.Invoker.invokeTestMethod(Invoker.java:719)
at org.testng.internal.Invoker.invokeTestMethods(Invoker.java:989)
at org.testng.internal.TestMethodWorker.invokeTestMethods(TestMethodWorker.java:125)
at org.testng.internal.TestMethodWorker.run(TestMethodWorker.java:109)
at org.testng.TestRunner.privateRun(TestRunner.java:648)
at org.testng.TestRunner.run(TestRunner.java:505)
at org.testng.SuiteRunner.runTest(SuiteRunner.java:455)
at org.testng.SuiteRunner.runSequentially(SuiteRunner.java:450)
at org.testng.SuiteRunner.privateRun(SuiteRunner.java:415)
at org.testng.SuiteRunner.run(SuiteRunner.java:364)
at org.testng.SuiteRunnerWorker.runSuite(SuiteRunnerWorker.java:52)
at org.testng.SuiteRunnerWorker.run(SuiteRunnerWorker.java:84)
at org.testng.TestNG.runSuitesSequentially(TestNG.java:1208)
at org.testng.TestNG.runSuitesLocally(TestNG.java:1137)
at org.testng.TestNG.runSuites(TestNG.java:1049)
at org.testng.TestNG.run(TestNG.java:1017)
at org.testng.remote.AbstractRemoteTestNG.run(AbstractRemoteTestNG.java:132)
at org.testng.remote.RemoteTestNG.initAndRun(RemoteTestNG.java:230)
at org.testng.remote.RemoteTestNG.main(RemoteTestNG.java:76)
]]>
    </error>
  </testcase> <!-- setUp -->
  <testcase name="verifyPreAuthForNewCustomerSingleDomain" time="0.000" classname="com.paymentgateway.ui.dmz.testcases.DomainRegistrationPreAuthTest">
    <skipped/>
  </testcase> <!-- verifyPreAuthForNewCustomerSingleDomain -->
  <testcase name="verifyPreAuthForExistingCustomerMultipleDomains" time="0.000" classname="com.paymentgateway.ui.dmz.testcases.DomainRegistrationPreAuthTest">
    <skipped/>
  </testcase> <!-- verifyPreAuthForExistingCustomerMultipleDomains -->
  <testcase name="verifyPreAuthForNewCustomerSingleProduct" time="0.000" classname="com.paymentgateway.ui.dmz.testcases.DomainRegistrationPreAuthTest">
    <skipped/>
  </testcase> <!-- verifyPreAuthForNewCustomerSingleProduct -->
  <testcase name="verifyPreAuthForExistingCustomerMultipleProducts" time="0.000" classname="com.paymentgateway.ui.dmz.testcases.DomainRegistrationPreAuthTest">
    <skipped/>
  </testcase> <!-- verifyPreAuthForExistingCustomerMultipleProducts -->
</testsuite> <!-- com.paymentgateway.ui.dmz.testcases.DomainRegistrationPreAuthTest -->
