<?xml version="1.0" encoding="UTF-8"?>
<!-- Generated by org.testng.reporters.JUnitReportReporter -->
<testsuite skipped="0" hostname="MIT01524" name="com.consoleregression.workflowtest.testcases.RestAssured" tests="1" failures="0" timestamp="02 Aug 2019 01:16:17 GMT" time="2.992" errors="0">
  <testcase name="testRetrieveTXT" time="2.992" classname="com.consoleregression.workflowtest.testcases.RestAssured"/>
</testsuite> <!-- com.consoleregression.workflowtest.testcases.RestAssured -->
