<?xml version="1.0" encoding="UTF-8"?>
<!-- Generated by org.testng.reporters.JUnitReportReporter -->
<testsuite skipped="0" hostname="MIT01524" name="com.paymentgateway.ui.dmz.testcases.ConsoleAdminHeaderPageTest" tests="2" failures="0" timestamp="19 Apr 2018 01:59:16 GMT" time="12.125" errors="0">
  <testcase name="verifyHeaderPageTitleTest" time="6.876" classname="com.paymentgateway.ui.dmz.testcases.ConsoleAdminHeaderPageTest"/>
  <testcase name="verifyDomainSearchButtonExistsTest" time="5.249" classname="com.paymentgateway.ui.dmz.testcases.ConsoleAdminHeaderPageTest"/>
</testsuite> <!-- com.paymentgateway.ui.dmz.testcases.ConsoleAdminHeaderPageTest -->
